<?xml version="1.0" encoding="UTF-8"?>
<testsuite xmlns:xsi="http://www.w3.org/2001/XMLSchema-instance" xsi:noNamespaceSchemaLocation="https://maven.apache.org/surefire/maven-surefire-plugin/xsd/surefire-test-report-3.0.xsd" version="3.0" name="cloud.tangyuan.helloprovider.HelloProviderApplicationTests" time="2.145" tests="1" errors="0" skipped="0" failures="0">
  <properties>
[...]
</properties>
  <testcase name="contextLoads" classname="cloud.tangyuan.helloprovider.HelloProviderApplicationTests" time="0.071">
    <system-out><![CDATA[22:00:26.184 [main] DEBUG org.springframework.boot.test.context.SpringBootTestContextBootstrapper - Neither @ContextConfiguration nor @ContextHierarchy found for test class [HelloProviderApplicationTests]: using SpringBootContextLoader
22:00:26.186 [main] DEBUG org.springframework.test.context.support.AbstractContextLoader - Could not detect default resource locations for test class [cloud.tangyuan.helloprovider.HelloProviderApplicationTests]: no resource found for suffixes {-context.xml, Context.groovy}.
22:00:26.187 [main] INFO org.springframework.test.context.support.AnnotationConfigContextLoaderUtils - Could not detect default configuration classes for test class [cloud.tangyuan.helloprovider.HelloProviderApplicationTests]: HelloProviderApplicationTests does not declare any static, non-private, non-final, nested classes annotated with @Configuration.
22:00:26.207 [main] DEBUG org.springframework.boot.test.context.SpringBootTestContextBootstrapper - Using ContextCustomizers for test class [HelloProviderApplicationTests]: [ExcludeFilterContextCustomizer, DuplicateJsonObjectContextCustomizer, MockitoContextCustomizer, TestRestTemplateContextCustomizer, DisableObservabilityContextCustomizer, PropertyMappingContextCustomizer, Customizer]
22:00:26.270 [main] DEBUG org.springframework.context.annotation.ClassPathScanningCandidateComponentProvider - Identified candidate component class: file [/Users/tangyuan/Downloads/microservices/project/hello-app/hello-provider/target/classes/cloud/tangyuan/helloprovider/HelloProviderApplication.class]
22:00:26.281 [main] INFO org.springframework.boot.test.context.SpringBootTestContextBootstrapper - Found @SpringBootConfiguration cloud.tangyuan.helloprovider.HelloProviderApplication for test class cloud.tangyuan.helloprovider.HelloProviderApplicationTests
22:00:26.336 [main] DEBUG org.springframework.test.context.util.TestContextSpringFactoriesUtils - Skipping candidate TestExecutionListener [org.springframework.test.context.transaction.TransactionalTestExecutionListener] due to a missing dependency. Specify custom TestExecutionListener classes or make the default TestExecutionListener classes and their required dependencies available. Offending class: [org/springframework/transaction/TransactionDefinition]
22:00:26.338 [main] DEBUG org.springframework.test.context.util.TestContextSpringFactoriesUtils - Skipping candidate TestExecutionListener [org.springframework.test.context.jdbc.SqlScriptsTestExecutionListener] due to a missing dependency. Specify custom TestExecutionListener classes or make the default TestExecutionListener classes and their required dependencies available. Offending class: [org/springframework/transaction/interceptor/TransactionAttribute]
22:00:26.340 [main] DEBUG org.springframework.boot.test.context.SpringBootTestContextBootstrapper - Using TestExecutionListeners for test class [HelloProviderApplicationTests]: [ServletTestExecutionListener, DirtiesContextBeforeModesTestExecutionListener, ApplicationEventsTestExecutionListener, MockitoTestExecutionListener, DependencyInjectionTestExecutionListener, DirtiesContextTestExecutionListener, EventPublishingTestExecutionListener, ResetMocksTestExecutionListener, RestDocsTestExecutionListener, MockRestServiceServerResetTestExecutionListener, MockMvcPrintOnlyOnFailureTestExecutionListener, WebDriverTestExecutionListener, MockWebServiceServerTestExecutionListener]
22:00:26.342 [main] DEBUG org.springframework.test.context.support.AbstractDirtiesContextTestExecutionListener - Before test class: class [HelloProviderApplicationTests], class annotated with @DirtiesContext [false] with mode [null]
2025-12-24T22:00:26.569+08:00  WARN 68132 --- [           main] c.a.nacos.client.logging.NacosLogging    : Load Logback Configuration of Nacos fail, message: Could not initialize Logback Nacos logging from classpath:nacos-logback.xml
2025-12-24T22:00:26.604+08:00  WARN 68132 --- [           main] c.a.nacos.client.logging.NacosLogging    : Load Logback Configuration of Nacos fail, message: Could not initialize Logback Nacos logging from classpath:nacos-logback.xml
2025-12-24T22:00:26.708+08:00  WARN 68132 --- [           main] c.a.nacos.client.logging.NacosLogging    : Load Logback Configuration of Nacos fail, message: Could not initialize Logback Nacos logging from classpath:nacos-logback.xml
2025-12-24T22:00:26.708+08:00  INFO 68132 --- [           main] c.alibaba.nacos.client.utils.ParamUtil   : [settings] [req-serv] nacos-server port:8848
2025-12-24T22:00:26.708+08:00  INFO 68132 --- [           main] c.alibaba.nacos.client.utils.ParamUtil   : [settings] [http-client] connect timeout:1000
2025-12-24T22:00:26.709+08:00  INFO 68132 --- [           main] c.alibaba.nacos.client.utils.ParamUtil   : PER_TASK_CONFIG_SIZE: 3000.0
2025-12-24T22:00:26.730+08:00  INFO 68132 --- [           main] c.a.n.p.a.s.c.ClientAuthPluginManager    : [ClientAuthPluginManager] Load ClientAuthService com.alibaba.nacos.client.auth.impl.NacosClientAuthServiceImpl success.
2025-12-24T22:00:26.730+08:00  INFO 68132 --- [           main] c.a.n.p.a.s.c.ClientAuthPluginManager    : [ClientAuthPluginManager] Load ClientAuthService com.alibaba.nacos.client.auth.ram.RamClientAuthServiceImpl success.
2025-12-24T22:00:26.755+08:00  INFO 68132 --- [           main] c.a.n.c.a.r.identify.CredentialWatcher   : null No credential found
2025-12-24T22:00:26.810+08:00  WARN 68132 --- [           main] c.a.nacos.client.logging.NacosLogging    : Load Logback Configuration of Nacos fail, message: Could not initialize Logback Nacos logging from classpath:nacos-logback.xml

  .   ____          _            __ _ _
 /\\ / ___'_ __ _ _(_)_ __  __ _ \ \ \ \
( ( )\___ | '_ | '_| | '_ \/ _` | \ \ \ \
 \\/  ___)| |_)| | | | | || (_| |  ) ) ) )
  '  |____| .__|_| |_|_| |_\__, | / / / /
 =========|_|==============|___/=/_/_/_/
 :: Spring Boot ::                (v3.0.2)

2025-12-24T22:00:26.823+08:00  INFO 68132 --- [           main] c.a.n.c.c.impl.LocalConfigInfoProcessor  : LOCAL_SNAPSHOT_PATH:/Users/tangyuan/nacos/config
2025-12-24T22:00:26.829+08:00  INFO 68132 --- [           main] com.alibaba.nacos.common.remote.client   : [RpcClientFactory] create a new rpc client of 48235e7e-ae1f-4d9a-8ed2-af94c16eb88f_config-0
2025-12-24T22:00:26.848+08:00  INFO 68132 --- [           main] com.alibaba.nacos.common.remote.client   : [48235e7e-ae1f-4d9a-8ed2-af94c16eb88f_config-0] Register server push request handler:com.alibaba.nacos.client.config.impl.ClientWorker$ConfigRpcTransportClient$$Lambda/0x00000070013329a0
2025-12-24T22:00:26.848+08:00  INFO 68132 --- [           main] com.alibaba.nacos.common.remote.client   : [48235e7e-ae1f-4d9a-8ed2-af94c16eb88f_config-0] Register server push request handler:com.alibaba.nacos.client.config.impl.ClientWorker$ConfigRpcTransportClient$$Lambda/0x0000007001332dd0
2025-12-24T22:00:26.848+08:00  INFO 68132 --- [           main] com.alibaba.nacos.common.remote.client   : [48235e7e-ae1f-4d9a-8ed2-af94c16eb88f_config-0] Registry connection listener to current client:com.alibaba.nacos.client.config.impl.ClientWorker$ConfigRpcTransportClient$1
2025-12-24T22:00:26.849+08:00  INFO 68132 --- [           main] com.alibaba.nacos.common.remote.client   : [48235e7e-ae1f-4d9a-8ed2-af94c16eb88f_config-0] RpcClient init, ServerListFactory = com.alibaba.nacos.client.config.impl.ClientWorker$ConfigRpcTransportClient$2
2025-12-24T22:00:26.857+08:00  INFO 68132 --- [           main] com.alibaba.nacos.common.remote.client   : [48235e7e-ae1f-4d9a-8ed2-af94c16eb88f_config-0] Try to connect to server on start up, server: {serverIp = '127.0.0.1', server main port = 8820}
2025-12-24T22:00:26.884+08:00  INFO 68132 --- [           main] c.a.n.c.remote.client.grpc.GrpcClient    : grpc client connection server:127.0.0.1 ip,serverPort:9820,grpcTslConfig:{"sslProvider":"OPENSSL","enableTls":false,"mutualAuthEnable":false,"trustAll":false}
2025-12-24T22:00:27.453+08:00  INFO 68132 --- [           main] com.alibaba.nacos.common.remote.client   : [48235e7e-ae1f-4d9a-8ed2-af94c16eb88f_config-0] Success to connect to server [127.0.0.1:8820] on start up, connectionId = 1766584827159_127.0.0.1_59177
2025-12-24T22:00:27.456+08:00  INFO 68132 --- [           main] com.alibaba.nacos.common.remote.client   : [48235e7e-ae1f-4d9a-8ed2-af94c16eb88f_config-0] Register server push request handler:com.alibaba.nacos.common.remote.client.RpcClient$ConnectResetRequestHandler
2025-12-24T22:00:27.457+08:00  INFO 68132 --- [t.remote.worker] com.alibaba.nacos.common.remote.client   : [48235e7e-ae1f-4d9a-8ed2-af94c16eb88f_config-0] Notify connected event to listeners.
2025-12-24T22:00:27.457+08:00  INFO 68132 --- [t.remote.worker] c.a.n.client.config.impl.ClientWorker    : [48235e7e-ae1f-4d9a-8ed2-af94c16eb88f_config-0] Connected,notify listen context...
2025-12-24T22:00:27.458+08:00  INFO 68132 --- [           main] com.alibaba.nacos.common.remote.client   : [48235e7e-ae1f-4d9a-8ed2-af94c16eb88f_config-0] Register server push request handler:com.alibaba.nacos.common.remote.client.RpcClient$$Lambda/0x000000700149f028
2025-12-24T22:00:27.487+08:00  INFO 68132 --- [           main] c.a.nacos.client.config.impl.Limiter     : limitTime:5.0
2025-12-24T22:00:27.510+08:00  WARN 68132 --- [           main] c.a.c.n.c.NacosPropertySourceBuilder     : Ignore the empty nacos configuration and get it based on dataId[hello-provider-service] & group[DEFAULT_GROUP]
2025-12-24T22:00:27.517+08:00  WARN 68132 --- [           main] c.a.c.n.c.NacosPropertySourceBuilder     : Ignore the empty nacos configuration and get it based on dataId[hello-provider-service.yml] & group[DEFAULT_GROUP]
2025-12-24T22:00:27.517+08:00  INFO 68132 --- [           main] b.c.PropertySourceBootstrapConfiguration : Located property source: [BootstrapPropertySource {name='bootstrapProperties-hello-provider-service.yml,DEFAULT_GROUP'}, BootstrapPropertySource {name='bootstrapProperties-hello-provider-service,DEFAULT_GROUP'}]
2025-12-24T22:00:27.538+08:00  WARN 68132 --- [           main] c.a.nacos.client.logging.NacosLogging    : Load Logback Configuration of Nacos fail, message: Could not initialize Logback Nacos logging from classpath:nacos-logback.xml
2025-12-24T22:00:27.540+08:00  INFO 68132 --- [           main] c.t.h.HelloProviderApplicationTests      : No active profile set, falling back to 1 default profile: "default"
2025-12-24T22:00:27.833+08:00  INFO 68132 --- [           main] o.s.cloud.context.scope.GenericScope     : BeanFactory id=c1a0b747-4b93-3378-89ee-57431530041f
2025-12-24T22:00:28.071+08:00  INFO 68132 --- [           main] o.s.b.a.e.web.EndpointLinksResolver      : Exposing 18 endpoint(s) beneath base path '/actuator'
2025-12-24T22:00:28.098+08:00  INFO 68132 --- [           main] c.t.h.HelloProviderApplicationTests      : Started HelloProviderApplicationTests in 1.724 seconds (process running for 2.455)
2025-12-24T22:00:28.132+08:00  INFO 68132 --- [           main] c.a.nacos.client.config.impl.CacheData   : nacos.cache.data.init.snapshot = true 
2025-12-24T22:00:28.132+08:00  INFO 68132 --- [           main] c.a.n.client.config.impl.ClientWorker    : [fixed-127.0.0.1_8810-127.0.0.1_8820-127.0.0.1_8830] [subscribe] hello-provider-service+DEFAULT_GROUP
2025-12-24T22:00:28.134+08:00  INFO 68132 --- [           main] c.a.nacos.client.config.impl.CacheData   : [fixed-127.0.0.1_8810-127.0.0.1_8820-127.0.0.1_8830] [add-listener] ok, tenant=, dataId=hello-provider-service, group=DEFAULT_GROUP, cnt=1
2025-12-24T22:00:28.134+08:00  INFO 68132 --- [           main] c.a.c.n.refresh.NacosContextRefresher    : [Nacos Config] Listening config: dataId=hello-provider-service, group=DEFAULT_GROUP
2025-12-24T22:00:28.134+08:00  INFO 68132 --- [           main] c.a.n.client.config.impl.ClientWorker    : [fixed-127.0.0.1_8810-127.0.0.1_8820-127.0.0.1_8830] [subscribe] hello-provider-service.yml+DEFAULT_GROUP
2025-12-24T22:00:28.134+08:00  INFO 68132 --- [           main] c.a.nacos.client.config.impl.CacheData   : [fixed-127.0.0.1_8810-127.0.0.1_8820-127.0.0.1_8830] [add-listener] ok, tenant=, dataId=hello-provider-service.yml, group=DEFAULT_GROUP, cnt=1
2025-12-24T22:00:28.134+08:00  INFO 68132 --- [           main] c.a.c.n.refresh.NacosContextRefresher    : [Nacos Config] Listening config: dataId=hello-provider-service.yml, group=DEFAULT_GROUP
]]></system-out>
  </testcase>
</testsuite>