<?xml version="1.0" encoding="UTF-8"?>
<testsuite xmlns:xsi="http://www.w3.org/2001/XMLSchema-instance" xsi:noNamespaceSchemaLocation="https://maven.apache.org/surefire/maven-surefire-plugin/xsd/surefire-test-report-3.0.xsd" version="3.0" name="cloud.tangyuan.helloprovider.HelloProviderApplicationTests" time="3.682" tests="1" errors="0" skipped="0" failures="0">
  <properties>
[...]
</properties>
  <testcase name="contextLoads" classname="cloud.tangyuan.helloprovider.HelloProviderApplicationTests" time="0.073">
    <system-out><![CDATA[21:54:00.796 [main] DEBUG org.springframework.boot.test.context.SpringBootTestContextBootstrapper - Neither @ContextConfiguration nor @ContextHierarchy found for test class [HelloProviderApplicationTests]: using SpringBootContextLoader
21:54:00.798 [main] DEBUG org.springframework.test.context.support.AbstractContextLoader - Could not detect default resource locations for test class [cloud.tangyuan.helloprovider.HelloProviderApplicationTests]: no resource found for suffixes {-context.xml, Context.groovy}.
21:54:00.798 [main] INFO org.springframework.test.context.support.AnnotationConfigContextLoaderUtils - Could not detect default configuration classes for test class [cloud.tangyuan.helloprovider.HelloProviderApplicationTests]: HelloProviderApplicationTests does not declare any static, non-private, non-final, nested classes annotated with @Configuration.
21:54:00.808 [main] DEBUG org.springframework.boot.test.context.SpringBootTestContextBootstrapper - Using ContextCustomizers for test class [HelloProviderApplicationTests]: [ExcludeFilterContextCustomizer, DuplicateJsonObjectContextCustomizer, MockitoContextCustomizer, TestRestTemplateContextCustomizer, DisableObservabilityContextCustomizer, PropertyMappingContextCustomizer, Customizer]
21:54:00.835 [main] DEBUG org.springframework.context.annotation.ClassPathScanningCandidateComponentProvider - Identified candidate component class: file [/Users/tangyuan/Downloads/microservices/project/hello-app/hello-provider/target/classes/cloud/tangyuan/helloprovider/HelloProviderApplication.class]
21:54:00.841 [main] INFO org.springframework.boot.test.context.SpringBootTestContextBootstrapper - Found @SpringBootConfiguration cloud.tangyuan.helloprovider.HelloProviderApplication for test class cloud.tangyuan.helloprovider.HelloProviderApplicationTests
21:54:00.872 [main] DEBUG org.springframework.test.context.util.TestContextSpringFactoriesUtils - Skipping candidate TestExecutionListener [org.springframework.test.context.transaction.TransactionalTestExecutionListener] due to a missing dependency. Specify custom TestExecutionListener classes or make the default TestExecutionListener classes and their required dependencies available. Offending class: [org/springframework/transaction/TransactionDefinition]
21:54:00.872 [main] DEBUG org.springframework.test.context.util.TestContextSpringFactoriesUtils - Skipping candidate TestExecutionListener [org.springframework.test.context.jdbc.SqlScriptsTestExecutionListener] due to a missing dependency. Specify custom TestExecutionListener classes or make the default TestExecutionListener classes and their required dependencies available. Offending class: [org/springframework/transaction/interceptor/TransactionAttribute]
21:54:00.873 [main] DEBUG org.springframework.boot.test.context.SpringBootTestContextBootstrapper - Using TestExecutionListeners for test class [HelloProviderApplicationTests]: [ServletTestExecutionListener, DirtiesContextBeforeModesTestExecutionListener, ApplicationEventsTestExecutionListener, MockitoTestExecutionListener, DependencyInjectionTestExecutionListener, DirtiesContextTestExecutionListener, EventPublishingTestExecutionListener, ResetMocksTestExecutionListener, RestDocsTestExecutionListener, MockRestServiceServerResetTestExecutionListener, MockMvcPrintOnlyOnFailureTestExecutionListener, WebDriverTestExecutionListener, MockWebServiceServerTestExecutionListener]
21:54:00.873 [main] DEBUG org.springframework.test.context.support.AbstractDirtiesContextTestExecutionListener - Before test class: class [HelloProviderApplicationTests], class annotated with @DirtiesContext [false] with mode [null]
2025-12-25T21:54:01.100+08:00  INFO 83849 --- [           main] d.s.b.c.e.WelcomeLogoApplicationListener :  [DUBBO] 

 :: Dubbo (v3.2.0) : https://github.com/apache/dubbo
 :: Discuss group : dev@dubbo.apache.org
, dubbo version: 3.2.0, current host: 192.168.31.81
2025-12-25T21:54:01.108+08:00  WARN 83849 --- [           main] c.a.nacos.client.logging.NacosLogging    : Load Logback Configuration of Nacos fail, message: Could not initialize Logback Nacos logging from classpath:nacos-logback.xml
2025-12-25T21:54:01.133+08:00  WARN 83849 --- [           main] c.a.nacos.client.logging.NacosLogging    : Load Logback Configuration of Nacos fail, message: Could not initialize Logback Nacos logging from classpath:nacos-logback.xml
2025-12-25T21:54:01.315+08:00  WARN 83849 --- [           main] c.a.nacos.client.logging.NacosLogging    : Load Logback Configuration of Nacos fail, message: Could not initialize Logback Nacos logging from classpath:nacos-logback.xml
2025-12-25T21:54:01.315+08:00  INFO 83849 --- [           main] c.alibaba.nacos.client.utils.ParamUtil   : [settings] [req-serv] nacos-server port:8848
2025-12-25T21:54:01.316+08:00  INFO 83849 --- [           main] c.alibaba.nacos.client.utils.ParamUtil   : [settings] [http-client] connect timeout:1000
2025-12-25T21:54:01.316+08:00  INFO 83849 --- [           main] c.alibaba.nacos.client.utils.ParamUtil   : PER_TASK_CONFIG_SIZE: 3000.0
2025-12-25T21:54:01.336+08:00  INFO 83849 --- [           main] c.a.n.p.a.s.c.ClientAuthPluginManager    : [ClientAuthPluginManager] Load ClientAuthService com.alibaba.nacos.client.auth.impl.NacosClientAuthServiceImpl success.
2025-12-25T21:54:01.336+08:00  INFO 83849 --- [           main] c.a.n.p.a.s.c.ClientAuthPluginManager    : [ClientAuthPluginManager] Load ClientAuthService com.alibaba.nacos.client.auth.ram.RamClientAuthServiceImpl success.
2025-12-25T21:54:01.350+08:00  INFO 83849 --- [           main] c.a.n.c.a.r.identify.CredentialWatcher   : null No credential found
2025-12-25T21:54:01.382+08:00  WARN 83849 --- [           main] c.a.nacos.client.logging.NacosLogging    : Load Logback Configuration of Nacos fail, message: Could not initialize Logback Nacos logging from classpath:nacos-logback.xml

  .   ____          _            __ _ _
 /\\ / ___'_ __ _ _(_)_ __  __ _ \ \ \ \
( ( )\___ | '_ | '_| | '_ \/ _` | \ \ \ \
 \\/  ___)| |_)| | | | | || (_| |  ) ) ) )
  '  |____| .__|_| |_|_| |_\__, | / / / /
 =========|_|==============|___/=/_/_/_/
 :: Spring Boot ::                (v3.0.2)

2025-12-25T21:54:01.390+08:00  INFO 83849 --- [           main] c.a.n.c.c.impl.LocalConfigInfoProcessor  : LOCAL_SNAPSHOT_PATH:/Users/tangyuan/nacos/config
2025-12-25T21:54:01.392+08:00  INFO 83849 --- [           main] com.alibaba.nacos.common.remote.client   : [RpcClientFactory] create a new rpc client of 8dfcef90-433a-45d0-86bb-140b76eba4af_config-0
2025-12-25T21:54:01.399+08:00  INFO 83849 --- [           main] com.alibaba.nacos.common.remote.client   : [8dfcef90-433a-45d0-86bb-140b76eba4af_config-0] Register server push request handler:com.alibaba.nacos.client.config.impl.ClientWorker$ConfigRpcTransportClient$$Lambda/0x0000000301353498
2025-12-25T21:54:01.399+08:00  INFO 83849 --- [           main] com.alibaba.nacos.common.remote.client   : [8dfcef90-433a-45d0-86bb-140b76eba4af_config-0] Register server push request handler:com.alibaba.nacos.client.config.impl.ClientWorker$ConfigRpcTransportClient$$Lambda/0x00000003013538c8
2025-12-25T21:54:01.400+08:00  INFO 83849 --- [           main] com.alibaba.nacos.common.remote.client   : [8dfcef90-433a-45d0-86bb-140b76eba4af_config-0] Registry connection listener to current client:com.alibaba.nacos.client.config.impl.ClientWorker$ConfigRpcTransportClient$1
2025-12-25T21:54:01.400+08:00  INFO 83849 --- [           main] com.alibaba.nacos.common.remote.client   : [8dfcef90-433a-45d0-86bb-140b76eba4af_config-0] RpcClient init, ServerListFactory = com.alibaba.nacos.client.config.impl.ClientWorker$ConfigRpcTransportClient$2
2025-12-25T21:54:01.403+08:00  INFO 83849 --- [           main] com.alibaba.nacos.common.remote.client   : [8dfcef90-433a-45d0-86bb-140b76eba4af_config-0] Try to connect to server on start up, server: {serverIp = '127.0.0.1', server main port = 8830}
2025-12-25T21:54:01.417+08:00  INFO 83849 --- [           main] c.a.n.c.remote.client.grpc.GrpcClient    : grpc client connection server:127.0.0.1 ip,serverPort:9830,grpcTslConfig:{"sslProvider":"OPENSSL","enableTls":false,"mutualAuthEnable":false,"trustAll":false}
2025-12-25T21:54:01.895+08:00  INFO 83849 --- [           main] com.alibaba.nacos.common.remote.client   : [8dfcef90-433a-45d0-86bb-140b76eba4af_config-0] Success to connect to server [127.0.0.1:8830] on start up, connectionId = 1766670841741_127.0.0.1_52777
2025-12-25T21:54:01.896+08:00  INFO 83849 --- [           main] com.alibaba.nacos.common.remote.client   : [8dfcef90-433a-45d0-86bb-140b76eba4af_config-0] Register server push request handler:com.alibaba.nacos.common.remote.client.RpcClient$ConnectResetRequestHandler
2025-12-25T21:54:01.896+08:00  INFO 83849 --- [t.remote.worker] com.alibaba.nacos.common.remote.client   : [8dfcef90-433a-45d0-86bb-140b76eba4af_config-0] Notify connected event to listeners.
2025-12-25T21:54:01.896+08:00  INFO 83849 --- [t.remote.worker] c.a.n.client.config.impl.ClientWorker    : [8dfcef90-433a-45d0-86bb-140b76eba4af_config-0] Connected,notify listen context...
2025-12-25T21:54:01.896+08:00  INFO 83849 --- [           main] com.alibaba.nacos.common.remote.client   : [8dfcef90-433a-45d0-86bb-140b76eba4af_config-0] Register server push request handler:com.alibaba.nacos.common.remote.client.RpcClient$$Lambda/0x00000003014ae448
2025-12-25T21:54:01.919+08:00  INFO 83849 --- [           main] c.a.nacos.client.config.impl.Limiter     : limitTime:5.0
2025-12-25T21:54:01.938+08:00  WARN 83849 --- [           main] c.a.c.n.c.NacosPropertySourceBuilder     : Ignore the empty nacos configuration and get it based on dataId[hello-provider-service] & group[DEFAULT_GROUP]
2025-12-25T21:54:01.943+08:00  WARN 83849 --- [           main] c.a.c.n.c.NacosPropertySourceBuilder     : Ignore the empty nacos configuration and get it based on dataId[hello-provider-service.yml] & group[DEFAULT_GROUP]
2025-12-25T21:54:01.944+08:00  INFO 83849 --- [           main] b.c.PropertySourceBootstrapConfiguration : Located property source: [BootstrapPropertySource {name='bootstrapProperties-hello-provider-service.yml,DEFAULT_GROUP'}, BootstrapPropertySource {name='bootstrapProperties-hello-provider-service,DEFAULT_GROUP'}]
2025-12-25T21:54:01.958+08:00  WARN 83849 --- [           main] c.a.nacos.client.logging.NacosLogging    : Load Logback Configuration of Nacos fail, message: Could not initialize Logback Nacos logging from classpath:nacos-logback.xml
2025-12-25T21:54:01.960+08:00  INFO 83849 --- [           main] c.t.h.HelloProviderApplicationTests      : No active profile set, falling back to 1 default profile: "default"
2025-12-25T21:54:02.179+08:00  INFO 83849 --- [           main] o.apache.dubbo.rpc.model.FrameworkModel  :  [DUBBO] Dubbo Framework[1] is created, dubbo version: 3.2.0, current host: 192.168.31.81
2025-12-25T21:54:02.183+08:00  INFO 83849 --- [           main] o.a.d.c.r.GlobalResourcesRepository      :  [DUBBO] Creating global shared handler ..., dubbo version: 3.2.0, current host: 192.168.31.81
2025-12-25T21:54:02.201+08:00  INFO 83849 --- [           main] o.a.dubbo.rpc.model.ApplicationModel     :  [DUBBO] Dubbo Application[1.0](unknown) is created, dubbo version: 3.2.0, current host: 192.168.31.81
2025-12-25T21:54:02.202+08:00  INFO 83849 --- [           main] org.apache.dubbo.rpc.model.ScopeModel    :  [DUBBO] Dubbo Module[1.0.0] is created, dubbo version: 3.2.0, current host: 192.168.31.81
2025-12-25T21:54:02.209+08:00  INFO 83849 --- [           main] o.a.d.c.context.AbstractConfigManager    :  [DUBBO] Config settings: {dubbo.config.mode=STRICT, dubbo.config.ignore-duplicated-interface=false}, dubbo version: 3.2.0, current host: 192.168.31.81
2025-12-25T21:54:02.209+08:00  INFO 83849 --- [           main] o.a.d.c.context.AbstractConfigManager    :  [DUBBO] Config settings: {dubbo.config.mode=STRICT, dubbo.config.ignore-duplicated-interface=false}, dubbo version: 3.2.0, current host: 192.168.31.81
2025-12-25T21:54:02.212+08:00  INFO 83849 --- [           main] o.a.d.c.utils.SerializeSecurityManager   :  [DUBBO] Serialize check serializable: true, dubbo version: 3.2.0, current host: 192.168.31.81
2025-12-25T21:54:02.213+08:00  INFO 83849 --- [           main] o.a.d.c.u.SerializeSecurityConfigurator  :  [DUBBO] Read serialize allow list from jar:file:/Users/tangyuan/.m2/repository/org/apache/dubbo/dubbo/3.2.0/dubbo-3.2.0.jar!/security/serialize.allowlist, dubbo version: 3.2.0, current host: 192.168.31.81
2025-12-25T21:54:02.221+08:00  INFO 83849 --- [           main] o.a.d.c.u.SerializeSecurityConfigurator  :  [DUBBO] Read serialize allow list from jar:file:/Users/tangyuan/.m2/repository/org/apache/dubbo/dubbo-common/3.2.0/dubbo-common-3.2.0.jar!/security/serialize.allowlist, dubbo version: 3.2.0, current host: 192.168.31.81
2025-12-25T21:54:02.222+08:00  INFO 83849 --- [           main] o.a.d.c.u.SerializeSecurityConfigurator  :  [DUBBO] Read serialize blocked list from jar:file:/Users/tangyuan/.m2/repository/org/apache/dubbo/dubbo/3.2.0/dubbo-3.2.0.jar!/security/serialize.blockedlist, dubbo version: 3.2.0, current host: 192.168.31.81
2025-12-25T21:54:02.247+08:00  INFO 83849 --- [           main] o.a.d.c.u.SerializeSecurityConfigurator  :  [DUBBO] Read serialize blocked list from jar:file:/Users/tangyuan/.m2/repository/org/apache/dubbo/dubbo-common/3.2.0/dubbo-common-3.2.0.jar!/security/serialize.blockedlist, dubbo version: 3.2.0, current host: 192.168.31.81
2025-12-25T21:54:02.267+08:00  INFO 83849 --- [           main] o.a.dubbo.rpc.model.ApplicationModel     :  [DUBBO] Dubbo Application[1.1](unknown) is created, dubbo version: 3.2.0, current host: 192.168.31.81
2025-12-25T21:54:02.267+08:00  INFO 83849 --- [           main] org.apache.dubbo.rpc.model.ScopeModel    :  [DUBBO] Dubbo Module[1.1.0] is created, dubbo version: 3.2.0, current host: 192.168.31.81
2025-12-25T21:54:02.269+08:00  INFO 83849 --- [           main] o.a.d.c.context.AbstractConfigManager    :  [DUBBO] Config settings: {dubbo.config.mode=STRICT, dubbo.config.ignore-duplicated-interface=false}, dubbo version: 3.2.0, current host: 192.168.31.81
2025-12-25T21:54:02.269+08:00  INFO 83849 --- [           main] o.a.d.c.context.AbstractConfigManager    :  [DUBBO] Config settings: {dubbo.config.mode=STRICT, dubbo.config.ignore-duplicated-interface=false}, dubbo version: 3.2.0, current host: 192.168.31.81
2025-12-25T21:54:02.269+08:00  INFO 83849 --- [           main] o.a.d.c.u.SerializeSecurityConfigurator  :  [DUBBO] Read serialize allow list from jar:file:/Users/tangyuan/.m2/repository/org/apache/dubbo/dubbo/3.2.0/dubbo-3.2.0.jar!/security/serialize.allowlist, dubbo version: 3.2.0, current host: 192.168.31.81
2025-12-25T21:54:02.270+08:00  INFO 83849 --- [           main] o.a.d.c.u.SerializeSecurityConfigurator  :  [DUBBO] Read serialize allow list from jar:file:/Users/tangyuan/.m2/repository/org/apache/dubbo/dubbo-common/3.2.0/dubbo-common-3.2.0.jar!/security/serialize.allowlist, dubbo version: 3.2.0, current host: 192.168.31.81
2025-12-25T21:54:02.270+08:00  INFO 83849 --- [           main] o.a.d.c.u.SerializeSecurityConfigurator  :  [DUBBO] Read serialize blocked list from jar:file:/Users/tangyuan/.m2/repository/org/apache/dubbo/dubbo/3.2.0/dubbo-3.2.0.jar!/security/serialize.blockedlist, dubbo version: 3.2.0, current host: 192.168.31.81
2025-12-25T21:54:02.270+08:00  INFO 83849 --- [           main] o.a.d.c.u.SerializeSecurityConfigurator  :  [DUBBO] Read serialize blocked list from jar:file:/Users/tangyuan/.m2/repository/org/apache/dubbo/dubbo-common/3.2.0/dubbo-common-3.2.0.jar!/security/serialize.blockedlist, dubbo version: 3.2.0, current host: 192.168.31.81
2025-12-25T21:54:02.272+08:00  INFO 83849 --- [           main] o.a.d.c.s.c.DubboSpringInitializer       :  [DUBBO] Use default application: Dubbo Application[1.1](unknown), dubbo version: 3.2.0, current host: 192.168.31.81
2025-12-25T21:54:02.273+08:00  INFO 83849 --- [           main] org.apache.dubbo.rpc.model.ScopeModel    :  [DUBBO] Dubbo Module[1.1.1] is created, dubbo version: 3.2.0, current host: 192.168.31.81
2025-12-25T21:54:02.273+08:00  INFO 83849 --- [           main] o.a.d.c.context.AbstractConfigManager    :  [DUBBO] Config settings: {dubbo.config.mode=STRICT, dubbo.config.ignore-duplicated-interface=false}, dubbo version: 3.2.0, current host: 192.168.31.81
2025-12-25T21:54:02.274+08:00  INFO 83849 --- [           main] o.a.d.c.u.SerializeSecurityConfigurator  :  [DUBBO] Read serialize allow list from jar:file:/Users/tangyuan/.m2/repository/org/apache/dubbo/dubbo/3.2.0/dubbo-3.2.0.jar!/security/serialize.allowlist, dubbo version: 3.2.0, current host: 192.168.31.81
2025-12-25T21:54:02.274+08:00  INFO 83849 --- [           main] o.a.d.c.u.SerializeSecurityConfigurator  :  [DUBBO] Read serialize allow list from jar:file:/Users/tangyuan/.m2/repository/org/apache/dubbo/dubbo-common/3.2.0/dubbo-common-3.2.0.jar!/security/serialize.allowlist, dubbo version: 3.2.0, current host: 192.168.31.81
2025-12-25T21:54:02.274+08:00  INFO 83849 --- [           main] o.a.d.c.u.SerializeSecurityConfigurator  :  [DUBBO] Read serialize blocked list from jar:file:/Users/tangyuan/.m2/repository/org/apache/dubbo/dubbo/3.2.0/dubbo-3.2.0.jar!/security/serialize.blockedlist, dubbo version: 3.2.0, current host: 192.168.31.81
2025-12-25T21:54:02.274+08:00  INFO 83849 --- [           main] o.a.d.c.u.SerializeSecurityConfigurator  :  [DUBBO] Read serialize blocked list from jar:file:/Users/tangyuan/.m2/repository/org/apache/dubbo/dubbo-common/3.2.0/dubbo-common-3.2.0.jar!/security/serialize.blockedlist, dubbo version: 3.2.0, current host: 192.168.31.81
2025-12-25T21:54:02.275+08:00  INFO 83849 --- [           main] o.a.d.c.s.c.DubboSpringInitializer       :  [DUBBO] Use default module model of target application: Dubbo Module[1.1.1], dubbo version: 3.2.0, current host: 192.168.31.81
2025-12-25T21:54:02.275+08:00  INFO 83849 --- [           main] o.a.d.c.s.c.DubboSpringInitializer       :  [DUBBO] Bind Dubbo Module[1.1.1] to spring container: org.springframework.beans.factory.support.DefaultListableBeanFactory@2921199d, dubbo version: 3.2.0, current host: 192.168.31.81
2025-12-25T21:54:02.387+08:00  INFO 83849 --- [           main] c.s.b.f.a.ServiceAnnotationPostProcessor :  [DUBBO] BeanNameGenerator bean can't be found in BeanFactory with name [org.springframework.context.annotation.internalConfigurationBeanNameGenerator], dubbo version: 3.2.0, current host: 192.168.31.81
2025-12-25T21:54:02.387+08:00  INFO 83849 --- [           main] c.s.b.f.a.ServiceAnnotationPostProcessor :  [DUBBO] BeanNameGenerator will be a instance of org.springframework.context.annotation.AnnotationBeanNameGenerator , it maybe a potential problem on bean name generation., dubbo version: 3.2.0, current host: 192.168.31.81
2025-12-25T21:54:02.388+08:00  INFO 83849 --- [           main] c.s.b.f.a.ServiceAnnotationPostProcessor :  [DUBBO] Found 1 classes annotated by Dubbo @Service under package [cloud.tangyuan.helloprovider]: [cloud.tangyuan.helloprovider.HelloServiceImpl], dubbo version: 3.2.0, current host: 192.168.31.81
2025-12-25T21:54:02.393+08:00  INFO 83849 --- [           main] c.s.b.f.a.ServiceAnnotationPostProcessor :  [DUBBO] Register ServiceBean[ServiceBean:cloud.tangyuan.hellocommon.HelloService::]: Root bean: class [org.apache.dubbo.config.spring.ServiceBean]; scope=; abstract=false; lazyInit=null; autowireMode=0; dependencyCheck=0; autowireCandidate=true; primary=false; factoryBeanName=null; factoryMethodName=null; initMethodNames=null; destroyMethodNames=null, dubbo version: 3.2.0, current host: 192.168.31.81
2025-12-25T21:54:02.394+08:00  INFO 83849 --- [           main] c.s.b.f.a.ServiceAnnotationPostProcessor :  [DUBBO] BeanNameGenerator bean can't be found in BeanFactory with name [org.springframework.context.annotation.internalConfigurationBeanNameGenerator], dubbo version: 3.2.0, current host: 192.168.31.81
2025-12-25T21:54:02.394+08:00  INFO 83849 --- [           main] c.s.b.f.a.ServiceAnnotationPostProcessor :  [DUBBO] BeanNameGenerator will be a instance of org.springframework.context.annotation.AnnotationBeanNameGenerator , it maybe a potential problem on bean name generation., dubbo version: 3.2.0, current host: 192.168.31.81
2025-12-25T21:54:02.394+08:00  INFO 83849 --- [           main] c.s.b.f.a.ServiceAnnotationPostProcessor :  [DUBBO] Ignore package who has already bean scanned: cloud.tangyuan.helloprovider, dubbo version: 3.2.0, current host: 192.168.31.81
2025-12-25T21:54:02.395+08:00  INFO 83849 --- [           main] o.s.c.a.ConfigurationClassPostProcessor  : Cannot enhance @Configuration bean definition 'org.apache.dubbo.spring.boot.autoconfigure.DubboRelaxedBinding2AutoConfiguration' since its singleton instance has been created too early. The typical cause is a non-static @Bean method with a BeanDefinitionRegistryPostProcessor return type: Consider declaring such methods as 'static'.
2025-12-25T21:54:02.395+08:00  INFO 83849 --- [           main] o.s.c.a.ConfigurationClassPostProcessor  : Cannot enhance @Configuration bean definition 'org.apache.dubbo.spring.boot.autoconfigure.DubboAutoConfiguration' since its singleton instance has been created too early. The typical cause is a non-static @Bean method with a BeanDefinitionRegistryPostProcessor return type: Consider declaring such methods as 'static'.
2025-12-25T21:54:02.426+08:00  INFO 83849 --- [           main] o.s.cloud.context.scope.GenericScope     : BeanFactory id=f0575988-2cb0-3953-b2d4-37e26977d5be
2025-12-25T21:54:02.526+08:00  INFO 83849 --- [           main] f.a.ReferenceAnnotationBeanPostProcessor :  [DUBBO] class org.apache.dubbo.config.spring.beans.factory.annotation.ReferenceAnnotationBeanPostProcessor was destroying!, dubbo version: 3.2.0, current host: 192.168.31.81
2025-12-25T21:54:02.560+08:00  INFO 83849 --- [           main] o.a.d.c.s.c.DubboConfigBeanInitializer   :  [DUBBO] loading dubbo config beans ..., dubbo version: 3.2.0, current host: 192.168.31.81
2025-12-25T21:54:02.562+08:00  INFO 83849 --- [           main] o.a.d.c.s.c.DubboConfigBeanInitializer   :  [DUBBO] dubbo config beans are loaded., dubbo version: 3.2.0, current host: 192.168.31.81
2025-12-25T21:54:02.580+08:00  INFO 83849 --- [           main] o.a.d.c.d.DefaultApplicationDeployer     :  [DUBBO] No value is configured in the registry, the DynamicConfigurationFactory extension[name : nacos] supports as the config center, dubbo version: 3.2.0, current host: 192.168.31.81
2025-12-25T21:54:02.580+08:00  INFO 83849 --- [           main] o.a.d.c.d.DefaultApplicationDeployer     :  [DUBBO] The registry[<dubbo:registry address="nacos://127.0.0.1:8810?backup=127.0.0.1:8820,127.0.0.1:8830" protocol="nacos" port="8810" />] will be used as the config center, dubbo version: 3.2.0, current host: 192.168.31.81
2025-12-25T21:54:02.582+08:00  INFO 83849 --- [           main] o.a.d.c.d.DefaultApplicationDeployer     :  [DUBBO] use registry as config-center: <dubbo:config-center highestPriority="false" id="config-center-nacos-127.0.0.1-8810" address="nacos://127.0.0.1:8810?backup=127.0.0.1:8820,127.0.0.1:8830" protocol="nacos" port="8810" parameters="{client=null}" />, dubbo version: 3.2.0, current host: 192.168.31.81
2025-12-25T21:54:02.587+08:00  INFO 83849 --- [           main] c.a.n.p.a.s.c.ClientAuthPluginManager    : [ClientAuthPluginManager] Load ClientAuthService com.alibaba.nacos.client.auth.impl.NacosClientAuthServiceImpl success.
2025-12-25T21:54:02.587+08:00  INFO 83849 --- [           main] c.a.n.p.a.s.c.ClientAuthPluginManager    : [ClientAuthPluginManager] Load ClientAuthService com.alibaba.nacos.client.auth.ram.RamClientAuthServiceImpl success.
2025-12-25T21:54:02.587+08:00  INFO 83849 --- [           main] com.alibaba.nacos.common.remote.client   : [RpcClientFactory] create a new rpc client of 0c9b99d0-c4c1-4745-a875-58633d547391_config-0
2025-12-25T21:54:02.587+08:00  INFO 83849 --- [           main] com.alibaba.nacos.common.remote.client   : [0c9b99d0-c4c1-4745-a875-58633d547391_config-0] Register server push request handler:com.alibaba.nacos.client.config.impl.ClientWorker$ConfigRpcTransportClient$$Lambda/0x0000000301353498
2025-12-25T21:54:02.587+08:00  INFO 83849 --- [           main] com.alibaba.nacos.common.remote.client   : [0c9b99d0-c4c1-4745-a875-58633d547391_config-0] Register server push request handler:com.alibaba.nacos.client.config.impl.ClientWorker$ConfigRpcTransportClient$$Lambda/0x00000003013538c8
2025-12-25T21:54:02.587+08:00  INFO 83849 --- [           main] com.alibaba.nacos.common.remote.client   : [0c9b99d0-c4c1-4745-a875-58633d547391_config-0] Registry connection listener to current client:com.alibaba.nacos.client.config.impl.ClientWorker$ConfigRpcTransportClient$1
2025-12-25T21:54:02.587+08:00  INFO 83849 --- [           main] com.alibaba.nacos.common.remote.client   : [0c9b99d0-c4c1-4745-a875-58633d547391_config-0] RpcClient init, ServerListFactory = com.alibaba.nacos.client.config.impl.ClientWorker$ConfigRpcTransportClient$2
2025-12-25T21:54:02.587+08:00  INFO 83849 --- [           main] com.alibaba.nacos.common.remote.client   : [0c9b99d0-c4c1-4745-a875-58633d547391_config-0] Try to connect to server on start up, server: {serverIp = '127.0.0.1', server main port = 8810}
2025-12-25T21:54:02.587+08:00  INFO 83849 --- [           main] c.a.n.c.remote.client.grpc.GrpcClient    : grpc client connection server:127.0.0.1 ip,serverPort:9810,grpcTslConfig:{"sslProvider":"OPENSSL","enableTls":false,"mutualAuthEnable":false,"trustAll":false}
2025-12-25T21:54:02.698+08:00  INFO 83849 --- [           main] com.alibaba.nacos.common.remote.client   : [0c9b99d0-c4c1-4745-a875-58633d547391_config-0] Success to connect to server [127.0.0.1:8810] on start up, connectionId = 1766670842594_127.0.0.1_52802
2025-12-25T21:54:02.698+08:00  INFO 83849 --- [t.remote.worker] com.alibaba.nacos.common.remote.client   : [0c9b99d0-c4c1-4745-a875-58633d547391_config-0] Notify connected event to listeners.
2025-12-25T21:54:02.698+08:00  INFO 83849 --- [           main] com.alibaba.nacos.common.remote.client   : [0c9b99d0-c4c1-4745-a875-58633d547391_config-0] Register server push request handler:com.alibaba.nacos.common.remote.client.RpcClient$ConnectResetRequestHandler
2025-12-25T21:54:02.698+08:00  INFO 83849 --- [t.remote.worker] c.a.n.client.config.impl.ClientWorker    : [0c9b99d0-c4c1-4745-a875-58633d547391_config-0] Connected,notify listen context...
2025-12-25T21:54:02.698+08:00  INFO 83849 --- [           main] com.alibaba.nacos.common.remote.client   : [0c9b99d0-c4c1-4745-a875-58633d547391_config-0] Register server push request handler:com.alibaba.nacos.common.remote.client.RpcClient$$Lambda/0x00000003014ae448
2025-12-25T21:54:02.709+08:00  WARN 83849 --- [           main] o.a.d.common.config.ConfigurationUtils   :  [DUBBO] Config center was specified, but no config item found., dubbo version: 3.2.0, current host: 192.168.31.81, error code: 0-12. This may be caused by , go to https://dubbo.apache.org/faq/0/12 to find instructions. 
2025-12-25T21:54:02.709+08:00  WARN 83849 --- [           main] o.a.d.common.config.ConfigurationUtils   :  [DUBBO] Config center was specified, but no config item found., dubbo version: 3.2.0, current host: 192.168.31.81, error code: 0-12. This may be caused by , go to https://dubbo.apache.org/faq/0/12 to find instructions. 
2025-12-25T21:54:02.715+08:00  INFO 83849 --- [           main] o.a.dubbo.config.context.ConfigManager   :  [DUBBO] The current configurations or effective configurations are as follows:, dubbo version: 3.2.0, current host: 192.168.31.81
2025-12-25T21:54:02.715+08:00  INFO 83849 --- [           main] o.a.dubbo.config.context.ConfigManager   :  [DUBBO] <dubbo:application enableFileCache="true" executorManagementMode="isolation" parameters="{}" name="hello-provider-service" qosEnable="true" protocol="dubbo" />, dubbo version: 3.2.0, current host: 192.168.31.81
2025-12-25T21:54:02.715+08:00  INFO 83849 --- [           main] o.a.dubbo.config.context.ConfigManager   :  [DUBBO] <dubbo:protocol preferSerialization="fastjson2,hessian2" port="-1" name="dubbo" />, dubbo version: 3.2.0, current host: 192.168.31.81
2025-12-25T21:54:02.715+08:00  INFO 83849 --- [           main] o.a.dubbo.config.context.ConfigManager   :  [DUBBO] <dubbo:registry address="nacos://127.0.0.1:8810?backup=127.0.0.1:8820,127.0.0.1:8830" protocol="nacos" port="8810" />, dubbo version: 3.2.0, current host: 192.168.31.81
2025-12-25T21:54:02.716+08:00  INFO 83849 --- [           main] o.a.dubbo.config.context.ConfigManager   :  [DUBBO] <dubbo:ssl />, dubbo version: 3.2.0, current host: 192.168.31.81
2025-12-25T21:54:02.722+08:00  INFO 83849 --- [           main] o.a.d.c.deploy.DefaultModuleDeployer     :  [DUBBO] Dubbo Module[1.1.0] has been initialized!, dubbo version: 3.2.0, current host: 192.168.31.81
2025-12-25T21:54:02.724+08:00  INFO 83849 --- [           main] o.a.d.c.deploy.DefaultModuleDeployer     :  [DUBBO] Dubbo Module[1.1.1] has been initialized!, dubbo version: 3.2.0, current host: 192.168.31.81
2025-12-25T21:54:02.727+08:00  INFO 83849 --- [           main] o.a.d.c.d.DefaultApplicationDeployer     :  [DUBBO] No value is configured in the registry, the MetadataReportFactory extension[name : nacos] supports as the metadata center, dubbo version: 3.2.0, current host: 192.168.31.81
2025-12-25T21:54:02.727+08:00  INFO 83849 --- [           main] o.a.d.c.d.DefaultApplicationDeployer     :  [DUBBO] The registry[<dubbo:registry address="nacos://127.0.0.1:8810?backup=127.0.0.1:8820,127.0.0.1:8830" protocol="nacos" port="8810" />] will be used as the metadata center, dubbo version: 3.2.0, current host: 192.168.31.81
2025-12-25T21:54:02.728+08:00  INFO 83849 --- [           main] o.a.d.c.d.DefaultApplicationDeployer     :  [DUBBO] use registry as metadata-center: <dubbo:metadata-report address="nacos://127.0.0.1:8810?backup=127.0.0.1:8820,127.0.0.1:8830" protocol="nacos" port="8810" parameters="{client=null}" />, dubbo version: 3.2.0, current host: 192.168.31.81
2025-12-25T21:54:02.764+08:00  INFO 83849 --- [           main] c.a.n.p.a.s.c.ClientAuthPluginManager    : [ClientAuthPluginManager] Load ClientAuthService com.alibaba.nacos.client.auth.impl.NacosClientAuthServiceImpl success.
2025-12-25T21:54:02.764+08:00  INFO 83849 --- [           main] c.a.n.p.a.s.c.ClientAuthPluginManager    : [ClientAuthPluginManager] Load ClientAuthService com.alibaba.nacos.client.auth.ram.RamClientAuthServiceImpl success.
2025-12-25T21:54:02.764+08:00  INFO 83849 --- [           main] com.alibaba.nacos.common.remote.client   : [RpcClientFactory] create a new rpc client of ae26a63c-2c80-4faa-a6f2-70a7f37ab754_config-0
2025-12-25T21:54:02.764+08:00  INFO 83849 --- [           main] com.alibaba.nacos.common.remote.client   : [ae26a63c-2c80-4faa-a6f2-70a7f37ab754_config-0] Register server push request handler:com.alibaba.nacos.client.config.impl.ClientWorker$ConfigRpcTransportClient$$Lambda/0x0000000301353498
2025-12-25T21:54:02.764+08:00  INFO 83849 --- [           main] com.alibaba.nacos.common.remote.client   : [ae26a63c-2c80-4faa-a6f2-70a7f37ab754_config-0] Register server push request handler:com.alibaba.nacos.client.config.impl.ClientWorker$ConfigRpcTransportClient$$Lambda/0x00000003013538c8
2025-12-25T21:54:02.764+08:00  INFO 83849 --- [           main] com.alibaba.nacos.common.remote.client   : [ae26a63c-2c80-4faa-a6f2-70a7f37ab754_config-0] Registry connection listener to current client:com.alibaba.nacos.client.config.impl.ClientWorker$ConfigRpcTransportClient$1
2025-12-25T21:54:02.764+08:00  INFO 83849 --- [           main] com.alibaba.nacos.common.remote.client   : [ae26a63c-2c80-4faa-a6f2-70a7f37ab754_config-0] RpcClient init, ServerListFactory = com.alibaba.nacos.client.config.impl.ClientWorker$ConfigRpcTransportClient$2
2025-12-25T21:54:02.764+08:00  INFO 83849 --- [           main] com.alibaba.nacos.common.remote.client   : [ae26a63c-2c80-4faa-a6f2-70a7f37ab754_config-0] Try to connect to server on start up, server: {serverIp = '127.0.0.1', server main port = 8810}
2025-12-25T21:54:02.764+08:00  INFO 83849 --- [           main] c.a.n.c.remote.client.grpc.GrpcClient    : grpc client connection server:127.0.0.1 ip,serverPort:9810,grpcTslConfig:{"sslProvider":"OPENSSL","enableTls":false,"mutualAuthEnable":false,"trustAll":false}
2025-12-25T21:54:02.872+08:00  INFO 83849 --- [           main] com.alibaba.nacos.common.remote.client   : [ae26a63c-2c80-4faa-a6f2-70a7f37ab754_config-0] Success to connect to server [127.0.0.1:8810] on start up, connectionId = 1766670842766_127.0.0.1_52807
2025-12-25T21:54:02.872+08:00  INFO 83849 --- [           main] com.alibaba.nacos.common.remote.client   : [ae26a63c-2c80-4faa-a6f2-70a7f37ab754_config-0] Register server push request handler:com.alibaba.nacos.common.remote.client.RpcClient$ConnectResetRequestHandler
2025-12-25T21:54:02.872+08:00  INFO 83849 --- [t.remote.worker] com.alibaba.nacos.common.remote.client   : [ae26a63c-2c80-4faa-a6f2-70a7f37ab754_config-0] Notify connected event to listeners.
2025-12-25T21:54:02.873+08:00  INFO 83849 --- [           main] com.alibaba.nacos.common.remote.client   : [ae26a63c-2c80-4faa-a6f2-70a7f37ab754_config-0] Register server push request handler:com.alibaba.nacos.common.remote.client.RpcClient$$Lambda/0x00000003014ae448
2025-12-25T21:54:02.873+08:00  INFO 83849 --- [t.remote.worker] c.a.n.client.config.impl.ClientWorker    : [ae26a63c-2c80-4faa-a6f2-70a7f37ab754_config-0] Connected,notify listen context...
2025-12-25T21:54:02.905+08:00  INFO 83849 --- [           main] o.a.d.c.d.DefaultApplicationDeployer     :  [DUBBO] Dubbo Application[1.1](hello-provider-service) has been initialized!, dubbo version: 3.2.0, current host: 192.168.31.81
2025-12-25T21:54:03.148+08:00  INFO 83849 --- [           main] o.s.b.a.e.web.EndpointLinksResolver      : Exposing 18 endpoint(s) beneath base path '/actuator'
2025-12-25T21:54:03.207+08:00  INFO 83849 --- [           main] o.a.d.c.deploy.DefaultModuleDeployer     :  [DUBBO] Dubbo Module[1.1.1] is starting., dubbo version: 3.2.0, current host: 192.168.31.81
2025-12-25T21:54:03.207+08:00  INFO 83849 --- [           main] o.a.d.c.d.DefaultApplicationDeployer     :  [DUBBO] Dubbo Application[1.1](hello-provider-service) is starting., dubbo version: 3.2.0, current host: 192.168.31.81
2025-12-25T21:54:03.267+08:00  WARN 83849 --- [           main] org.apache.dubbo.config.ServiceConfig    :  [DUBBO] Use random available port(20880) for protocol dubbo, dubbo version: 3.2.0, current host: 192.168.31.81, error code: 5-8. This may be caused by , go to https://dubbo.apache.org/faq/5/8 to find instructions. 
2025-12-25T21:54:03.355+08:00  INFO 83849 --- [           main] org.apache.dubbo.qos.server.Server       :  [DUBBO] qos-server bind localhost:22222, dubbo version: 3.2.0, current host: 192.168.31.81
2025-12-25T21:54:03.361+08:00  INFO 83849 --- [           main] org.apache.dubbo.config.ServiceConfig    :  [DUBBO] Export dubbo service cloud.tangyuan.hellocommon.HelloService to local registry url : injvm://127.0.0.1/cloud.tangyuan.hellocommon.HelloService?anyhost=true&application=hello-provider-service&background=false&bind.ip=192.168.31.81&bind.port=20880&deprecated=false&dubbo=2.0.2&dynamic=true&executor-management-mode=isolation&exporter.listener=injvm&file-cache=true&generic=false&interface=cloud.tangyuan.hellocommon.HelloService&methods=sayHello&pid=83849&prefer.serialization=fastjson2,hessian2&qos.enable=true&release=3.2.0&retries=2&revision=0.0.1-SNAPSHOT&side=provider&timeout=3000&timestamp=1766670843263, dubbo version: 3.2.0, current host: 192.168.31.81
2025-12-25T21:54:03.362+08:00  INFO 83849 --- [           main] org.apache.dubbo.config.ServiceConfig    :  [DUBBO] Register dubbo service cloud.tangyuan.hellocommon.HelloService url dubbo://192.168.31.81:20880/cloud.tangyuan.hellocommon.HelloService?anyhost=true&application=hello-provider-service&background=false&bind.ip=192.168.31.81&bind.port=20880&deprecated=false&dubbo=2.0.2&dynamic=true&executor-management-mode=isolation&file-cache=true&generic=false&interface=cloud.tangyuan.hellocommon.HelloService&methods=sayHello&pid=83849&prefer.serialization=fastjson2,hessian2&qos.enable=true&release=3.2.0&retries=2&revision=0.0.1-SNAPSHOT&service-name-mapping=true&side=provider&timeout=3000&timestamp=1766670843263 to registry 127.0.0.1:8810, dubbo version: 3.2.0, current host: 192.168.31.81
2025-12-25T21:54:03.364+08:00  INFO 83849 --- [           main] c.a.nacos.client.config.impl.CacheData   : nacos.cache.data.init.snapshot = true 
2025-12-25T21:54:03.365+08:00  INFO 83849 --- [           main] c.a.n.client.config.impl.ClientWorker    : [fixed-127.0.0.1_8810-127.0.0.1_8820-127.0.0.1_8830] [subscribe] hello-provider-service.configurators+dubbo
2025-12-25T21:54:03.374+08:00  INFO 83849 --- [           main] c.a.nacos.client.config.impl.CacheData   : [fixed-127.0.0.1_8810-127.0.0.1_8820-127.0.0.1_8830] [add-listener] ok, tenant=, dataId=hello-provider-service.configurators, group=dubbo, cnt=1
2025-12-25T21:54:03.379+08:00  INFO 83849 --- [           main] c.a.n.client.config.impl.ClientWorker    : [fixed-127.0.0.1_8810-127.0.0.1_8820-127.0.0.1_8830] [subscribe] cloud.tangyuan.hellocommon.HelloService::.configurators+dubbo
2025-12-25T21:54:03.379+08:00  INFO 83849 --- [           main] c.a.nacos.client.config.impl.CacheData   : [fixed-127.0.0.1_8810-127.0.0.1_8820-127.0.0.1_8830] [add-listener] ok, tenant=, dataId=cloud.tangyuan.hellocommon.HelloService::.configurators, group=dubbo, cnt=1
2025-12-25T21:54:03.418+08:00  INFO 83849 --- [           main] o.a.d.remoting.transport.AbstractServer  :  [DUBBO] Start NettyServer bind /0.0.0.0:20880, export /192.168.31.81:20880, dubbo version: 3.2.0, current host: 192.168.31.81
2025-12-25T21:54:03.441+08:00  INFO 83849 --- [           main] o.a.d.r.c.m.store.MetaCacheManager       :  [DUBBO] Successfully loaded meta cache from file .metadata.hello-provider-service.nacos.127.0.0.1:8810,127.0.0.1:8820,127.0.0.1:8830, entries 0, dubbo version: 3.2.0, current host: 192.168.31.81
2025-12-25T21:54:03.445+08:00  INFO 83849 --- [           main] com.alibaba.nacos.client.naming          : initializer namespace from ans.namespace attribute : null
2025-12-25T21:54:03.445+08:00  INFO 83849 --- [           main] com.alibaba.nacos.client.naming          : initializer namespace from ALIBABA_ALIWARE_NAMESPACE attribute :null
2025-12-25T21:54:03.446+08:00  INFO 83849 --- [           main] com.alibaba.nacos.client.naming          : initializer namespace from namespace attribute :null
2025-12-25T21:54:03.454+08:00  INFO 83849 --- [           main] c.a.n.p.a.s.c.ClientAuthPluginManager    : [ClientAuthPluginManager] Load ClientAuthService com.alibaba.nacos.client.auth.impl.NacosClientAuthServiceImpl success.
2025-12-25T21:54:03.454+08:00  INFO 83849 --- [           main] c.a.n.p.a.s.c.ClientAuthPluginManager    : [ClientAuthPluginManager] Load ClientAuthService com.alibaba.nacos.client.auth.ram.RamClientAuthServiceImpl success.
2025-12-25T21:54:03.455+08:00  INFO 83849 --- [           main] com.alibaba.nacos.common.remote.client   : [RpcClientFactory] create a new rpc client of c3ab5a23-d984-4104-9dd4-c3ef06468542
2025-12-25T21:54:03.456+08:00  INFO 83849 --- [           main] com.alibaba.nacos.common.remote.client   : [c3ab5a23-d984-4104-9dd4-c3ef06468542] RpcClient init, ServerListFactory = com.alibaba.nacos.client.naming.core.ServerListManager
2025-12-25T21:54:03.456+08:00  INFO 83849 --- [           main] com.alibaba.nacos.common.remote.client   : [c3ab5a23-d984-4104-9dd4-c3ef06468542] Registry connection listener to current client:com.alibaba.nacos.client.naming.remote.gprc.redo.NamingGrpcRedoService
2025-12-25T21:54:03.456+08:00  INFO 83849 --- [           main] com.alibaba.nacos.common.remote.client   : [c3ab5a23-d984-4104-9dd4-c3ef06468542] Register server push request handler:com.alibaba.nacos.client.naming.remote.gprc.NamingPushRequestHandler
2025-12-25T21:54:03.456+08:00  INFO 83849 --- [           main] com.alibaba.nacos.common.remote.client   : [c3ab5a23-d984-4104-9dd4-c3ef06468542] Try to connect to server on start up, server: {serverIp = '127.0.0.1', server main port = 8830}
2025-12-25T21:54:03.456+08:00  INFO 83849 --- [           main] c.a.n.c.remote.client.grpc.GrpcClient    : grpc client connection server:127.0.0.1 ip,serverPort:9830,grpcTslConfig:{"sslProvider":"OPENSSL","enableTls":false,"mutualAuthEnable":false,"trustAll":false}
2025-12-25T21:54:03.563+08:00  INFO 83849 --- [           main] com.alibaba.nacos.common.remote.client   : [c3ab5a23-d984-4104-9dd4-c3ef06468542] Success to connect to server [127.0.0.1:8830] on start up, connectionId = 1766670843459_127.0.0.1_52815
2025-12-25T21:54:03.563+08:00  INFO 83849 --- [           main] com.alibaba.nacos.common.remote.client   : [c3ab5a23-d984-4104-9dd4-c3ef06468542] Register server push request handler:com.alibaba.nacos.common.remote.client.RpcClient$ConnectResetRequestHandler
2025-12-25T21:54:03.563+08:00  INFO 83849 --- [t.remote.worker] com.alibaba.nacos.common.remote.client   : [c3ab5a23-d984-4104-9dd4-c3ef06468542] Notify connected event to listeners.
2025-12-25T21:54:03.563+08:00  INFO 83849 --- [           main] com.alibaba.nacos.common.remote.client   : [c3ab5a23-d984-4104-9dd4-c3ef06468542] Register server push request handler:com.alibaba.nacos.common.remote.client.RpcClient$$Lambda/0x00000003014ae448
2025-12-25T21:54:03.563+08:00  INFO 83849 --- [t.remote.worker] com.alibaba.nacos.client.naming          : Grpc connection connect
2025-12-25T21:54:03.585+08:00  INFO 83849 --- [           main] o.a.d.r.nacos.NacosNamingServiceWrapper  :  [DUBBO] Nacos batch register enable: true, dubbo version: 3.2.0, current host: 192.168.31.81
2025-12-25T21:54:03.587+08:00  INFO 83849 --- [           main] o.a.dubbo.metadata.MappingCacheManager   :  [DUBBO] Successfully loaded mapping cache from file .mapping.hello-provider-service, entries 0, dubbo version: 3.2.0, current host: 192.168.31.81
2025-12-25T21:54:03.590+08:00  INFO 83849 --- [           main] o.a.d.r.c.m.MigrationRuleListener        :  [DUBBO] Listening for migration rules on dataId hello-provider-service.migration, group DUBBO_SERVICEDISCOVERY_MIGRATION, dubbo version: 3.2.0, current host: 192.168.31.81
2025-12-25T21:54:03.591+08:00  INFO 83849 --- [           main] c.a.n.client.config.impl.ClientWorker    : [fixed-127.0.0.1_8810-127.0.0.1_8820-127.0.0.1_8830] [subscribe] hello-provider-service.migration+DUBBO_SERVICEDISCOVERY_MIGRATION
2025-12-25T21:54:03.591+08:00  INFO 83849 --- [           main] c.a.nacos.client.config.impl.CacheData   : [fixed-127.0.0.1_8810-127.0.0.1_8820-127.0.0.1_8830] [add-listener] ok, tenant=, dataId=hello-provider-service.migration, group=DUBBO_SERVICEDISCOVERY_MIGRATION, cnt=1
2025-12-25T21:54:03.594+08:00  INFO 83849 --- [           main] org.apache.dubbo.config.ServiceConfig    :  [DUBBO] Register dubbo service cloud.tangyuan.hellocommon.HelloService url dubbo://192.168.31.81:20880/cloud.tangyuan.hellocommon.HelloService?anyhost=true&application=hello-provider-service&background=false&bind.ip=192.168.31.81&bind.port=20880&deprecated=false&dubbo=2.0.2&dynamic=true&executor-management-mode=isolation&file-cache=true&generic=false&interface=cloud.tangyuan.hellocommon.HelloService&methods=sayHello&pid=83849&prefer.serialization=fastjson2,hessian2&qos.enable=true&release=3.2.0&retries=2&revision=0.0.1-SNAPSHOT&service-name-mapping=true&side=provider&timeout=3000&timestamp=1766670843263 to registry 127.0.0.1:8810, dubbo version: 3.2.0, current host: 192.168.31.81
2025-12-25T21:54:03.599+08:00  INFO 83849 --- [           main] com.alibaba.nacos.client.naming          : initializer namespace from ans.namespace attribute : null
2025-12-25T21:54:03.599+08:00  INFO 83849 --- [           main] com.alibaba.nacos.client.naming          : initializer namespace from ALIBABA_ALIWARE_NAMESPACE attribute :null
2025-12-25T21:54:03.599+08:00  INFO 83849 --- [           main] com.alibaba.nacos.client.naming          : initializer namespace from namespace attribute :null
2025-12-25T21:54:03.599+08:00  INFO 83849 --- [           main] c.a.n.p.a.s.c.ClientAuthPluginManager    : [ClientAuthPluginManager] Load ClientAuthService com.alibaba.nacos.client.auth.impl.NacosClientAuthServiceImpl success.
2025-12-25T21:54:03.599+08:00  INFO 83849 --- [           main] c.a.n.p.a.s.c.ClientAuthPluginManager    : [ClientAuthPluginManager] Load ClientAuthService com.alibaba.nacos.client.auth.ram.RamClientAuthServiceImpl success.
2025-12-25T21:54:03.600+08:00  INFO 83849 --- [           main] com.alibaba.nacos.common.remote.client   : [RpcClientFactory] create a new rpc client of a7d6ff0b-a9ac-445b-86a8-a66e28050225
2025-12-25T21:54:03.600+08:00  INFO 83849 --- [           main] com.alibaba.nacos.common.remote.client   : [a7d6ff0b-a9ac-445b-86a8-a66e28050225] RpcClient init, ServerListFactory = com.alibaba.nacos.client.naming.core.ServerListManager
2025-12-25T21:54:03.600+08:00  INFO 83849 --- [           main] com.alibaba.nacos.common.remote.client   : [a7d6ff0b-a9ac-445b-86a8-a66e28050225] Registry connection listener to current client:com.alibaba.nacos.client.naming.remote.gprc.redo.NamingGrpcRedoService
2025-12-25T21:54:03.600+08:00  INFO 83849 --- [           main] com.alibaba.nacos.common.remote.client   : [a7d6ff0b-a9ac-445b-86a8-a66e28050225] Register server push request handler:com.alibaba.nacos.client.naming.remote.gprc.NamingPushRequestHandler
2025-12-25T21:54:03.600+08:00  INFO 83849 --- [           main] com.alibaba.nacos.common.remote.client   : [a7d6ff0b-a9ac-445b-86a8-a66e28050225] Try to connect to server on start up, server: {serverIp = '127.0.0.1', server main port = 8820}
2025-12-25T21:54:03.600+08:00  INFO 83849 --- [           main] c.a.n.c.remote.client.grpc.GrpcClient    : grpc client connection server:127.0.0.1 ip,serverPort:9820,grpcTslConfig:{"sslProvider":"OPENSSL","enableTls":false,"mutualAuthEnable":false,"trustAll":false}
2025-12-25T21:54:03.710+08:00  INFO 83849 --- [           main] com.alibaba.nacos.common.remote.client   : [a7d6ff0b-a9ac-445b-86a8-a66e28050225] Success to connect to server [127.0.0.1:8820] on start up, connectionId = 1766670843604_127.0.0.1_52817
2025-12-25T21:54:03.710+08:00  INFO 83849 --- [           main] com.alibaba.nacos.common.remote.client   : [a7d6ff0b-a9ac-445b-86a8-a66e28050225] Register server push request handler:com.alibaba.nacos.common.remote.client.RpcClient$ConnectResetRequestHandler
2025-12-25T21:54:03.710+08:00  INFO 83849 --- [           main] com.alibaba.nacos.common.remote.client   : [a7d6ff0b-a9ac-445b-86a8-a66e28050225] Register server push request handler:com.alibaba.nacos.common.remote.client.RpcClient$$Lambda/0x00000003014ae448
2025-12-25T21:54:03.710+08:00  INFO 83849 --- [t.remote.worker] com.alibaba.nacos.common.remote.client   : [a7d6ff0b-a9ac-445b-86a8-a66e28050225] Notify connected event to listeners.
2025-12-25T21:54:03.710+08:00  INFO 83849 --- [t.remote.worker] com.alibaba.nacos.client.naming          : Grpc connection connect
2025-12-25T21:54:03.762+08:00  INFO 83849 --- [           main] o.a.d.r.nacos.NacosNamingServiceWrapper  :  [DUBBO] Nacos batch register enable: true, dubbo version: 3.2.0, current host: 192.168.31.81
2025-12-25T21:54:03.763+08:00  INFO 83849 --- [           main] o.a.dubbo.registry.nacos.NacosRegistry   :  [DUBBO] Register: dubbo://192.168.31.81:20880/cloud.tangyuan.hellocommon.HelloService?anyhost=true&application=hello-provider-service&background=false&deprecated=false&dubbo=2.0.2&dynamic=true&executor-management-mode=isolation&file-cache=true&generic=false&interface=cloud.tangyuan.hellocommon.HelloService&methods=sayHello&pid=83849&prefer.serialization=fastjson2,hessian2&release=3.2.0&retries=2&revision=0.0.1-SNAPSHOT&service-name-mapping=true&side=provider&timeout=3000&timestamp=1766670843263, dubbo version: 3.2.0, current host: 192.168.31.81
2025-12-25T21:54:03.764+08:00  INFO 83849 --- [           main] com.alibaba.nacos.client.naming          : [REGISTER-SERVICE] public registering service providers:cloud.tangyuan.hellocommon.HelloService:: with instance Instance{instanceId='null', ip='192.168.31.81', port=20880, weight=1.0, healthy=true, enabled=true, ephemeral=true, clusterName='null', serviceName='null', metadata={executor-management-mode=isolation, side=provider, file-cache=true, release=3.2.0, methods=sayHello, deprecated=false, dubbo=2.0.2, pid=83849, interface=cloud.tangyuan.hellocommon.HelloService, service-name-mapping=true, timeout=3000, generic=false, revision=0.0.1-SNAPSHOT, path=cloud.tangyuan.hellocommon.HelloService, retries=2, protocol=dubbo, application=hello-provider-service, prefer.serialization=fastjson2,hessian2, background=false, dynamic=true, category=providers, anyhost=true, timestamp=1766670843263}}
2025-12-25T21:54:03.788+08:00  INFO 83849 --- [           main] o.a.dubbo.registry.nacos.NacosRegistry   :  [DUBBO] Subscribe: provider://192.168.31.81:20880/cloud.tangyuan.hellocommon.HelloService?anyhost=true&application=hello-provider-service&background=false&bind.ip=192.168.31.81&bind.port=20880&category=configurators&check=false&deprecated=false&dubbo=2.0.2&dynamic=true&executor-management-mode=isolation&file-cache=true&generic=false&interface=cloud.tangyuan.hellocommon.HelloService&methods=sayHello&pid=83849&prefer.serialization=fastjson2,hessian2&qos.enable=true&release=3.2.0&retries=2&revision=0.0.1-SNAPSHOT&service-name-mapping=true&side=provider&timeout=3000&timestamp=1766670843263, dubbo version: 3.2.0, current host: 192.168.31.81
2025-12-25T21:54:03.789+08:00  INFO 83849 --- [           main] com.alibaba.nacos.client.naming          : [SUBSCRIBE-SERVICE] service:providers:cloud.tangyuan.hellocommon.HelloService::, group:DEFAULT_GROUP, clusters: 
2025-12-25T21:54:03.795+08:00  INFO 83849 --- [           main] com.alibaba.nacos.client.naming          : init new ips(1) service: DEFAULT_GROUP@@providers:cloud.tangyuan.hellocommon.HelloService:: -> [{"ip":"192.168.31.81","port":20880,"weight":1.0,"healthy":true,"enabled":true,"ephemeral":true,"clusterName":"DEFAULT","serviceName":"DEFAULT_GROUP@@providers:cloud.tangyuan.hellocommon.HelloService::","metadata":{"executor-management-mode":"isolation","side":"provider","file-cache":"true","release":"3.2.0","methods":"sayHello","deprecated":"false","dubbo":"2.0.2","pid":"83849","interface":"cloud.tangyuan.hellocommon.HelloService","service-name-mapping":"true","timeout":"3000","generic":"false","revision":"0.0.1-SNAPSHOT","path":"cloud.tangyuan.hellocommon.HelloService","retries":"2","protocol":"dubbo","application":"hello-provider-service","prefer.serialization":"fastjson2,hessian2","background":"false","dynamic":"true","category":"providers","anyhost":"true","timestamp":"1766670843263"},"instanceHeartBeatInterval":5000,"instanceHeartBeatTimeOut":15000,"ipDeleteTimeout":30000}]
2025-12-25T21:54:03.796+08:00  INFO 83849 --- [           main] com.alibaba.nacos.client.naming          : current ips:(1) service: DEFAULT_GROUP@@providers:cloud.tangyuan.hellocommon.HelloService:: -> [{"ip":"192.168.31.81","port":20880,"weight":1.0,"healthy":true,"enabled":true,"ephemeral":true,"clusterName":"DEFAULT","serviceName":"DEFAULT_GROUP@@providers:cloud.tangyuan.hellocommon.HelloService::","metadata":{"executor-management-mode":"isolation","side":"provider","file-cache":"true","release":"3.2.0","methods":"sayHello","deprecated":"false","dubbo":"2.0.2","pid":"83849","interface":"cloud.tangyuan.hellocommon.HelloService","service-name-mapping":"true","timeout":"3000","generic":"false","revision":"0.0.1-SNAPSHOT","path":"cloud.tangyuan.hellocommon.HelloService","retries":"2","protocol":"dubbo","application":"hello-provider-service","prefer.serialization":"fastjson2,hessian2","background":"false","dynamic":"true","category":"providers","anyhost":"true","timestamp":"1766670843263"},"instanceHeartBeatInterval":5000,"instanceHeartBeatTimeOut":15000,"ipDeleteTimeout":30000}]
2025-12-25T21:54:03.798+08:00  WARN 83849 --- [           main] o.a.dubbo.registry.nacos.NacosRegistry   :  [DUBBO] Received empty url address list and empty protection is disabled, will clear current available addresses, dubbo version: 3.2.0, current host: 192.168.31.81, error code: 1-37. This may be caused by , go to https://dubbo.apache.org/faq/1/37 to find instructions. 
2025-12-25T21:54:03.798+08:00  INFO 83849 --- [           main] o.a.dubbo.registry.nacos.NacosRegistry   :  [DUBBO] Notify urls for subscribe url provider://192.168.31.81:20880/cloud.tangyuan.hellocommon.HelloService?anyhost=true&application=hello-provider-service&background=false&bind.ip=192.168.31.81&bind.port=20880&category=configurators&check=false&deprecated=false&dubbo=2.0.2&dynamic=true&executor-management-mode=isolation&file-cache=true&generic=false&interface=cloud.tangyuan.hellocommon.HelloService&methods=sayHello&pid=83849&prefer.serialization=fastjson2,hessian2&qos.enable=true&release=3.2.0&retries=2&revision=0.0.1-SNAPSHOT&service-name-mapping=true&side=provider&timeout=3000&timestamp=1766670843263, url size: 1, dubbo version: 3.2.0, current host: 192.168.31.81
2025-12-25T21:54:03.798+08:00  INFO 83849 --- [           main] com.alibaba.nacos.client.naming          : [SUBSCRIBE-SERVICE] service:providers:cloud.tangyuan.hellocommon.HelloService, group:DEFAULT_GROUP, clusters: 
2025-12-25T21:54:03.799+08:00  INFO 83849 --- [           main] com.alibaba.nacos.client.naming          : init new ips(0) service: DEFAULT_GROUP@@providers:cloud.tangyuan.hellocommon.HelloService -> []
2025-12-25T21:54:03.799+08:00  INFO 83849 --- [           main] com.alibaba.nacos.client.naming          : current ips:(0) service: DEFAULT_GROUP@@providers:cloud.tangyuan.hellocommon.HelloService -> []
2025-12-25T21:54:03.800+08:00  WARN 83849 --- [           main] o.a.dubbo.registry.nacos.NacosRegistry   :  [DUBBO] Received empty url address list and empty protection is disabled, will clear current available addresses, dubbo version: 3.2.0, current host: 192.168.31.81, error code: 1-37. This may be caused by , go to https://dubbo.apache.org/faq/1/37 to find instructions. 
2025-12-25T21:54:03.800+08:00  INFO 83849 --- [           main] o.a.dubbo.registry.nacos.NacosRegistry   :  [DUBBO] Notify urls for subscribe url provider://192.168.31.81:20880/cloud.tangyuan.hellocommon.HelloService?anyhost=true&application=hello-provider-service&background=false&bind.ip=192.168.31.81&bind.port=20880&category=configurators&check=false&deprecated=false&dubbo=2.0.2&dynamic=true&executor-management-mode=isolation&file-cache=true&generic=false&interface=cloud.tangyuan.hellocommon.HelloService&methods=sayHello&pid=83849&prefer.serialization=fastjson2,hessian2&qos.enable=true&release=3.2.0&retries=2&revision=0.0.1-SNAPSHOT&service-name-mapping=true&side=provider&timeout=3000&timestamp=1766670843263, url size: 1, dubbo version: 3.2.0, current host: 192.168.31.81
2025-12-25T21:54:03.801+08:00  INFO 83849 --- [           main] com.alibaba.nacos.client.naming          : [SUBSCRIBE-SERVICE] service:providers:cloud.tangyuan.hellocommon.HelloService::, group:DEFAULT_GROUP, clusters: 
2025-12-25T21:54:03.801+08:00  INFO 83849 --- [           main] com.alibaba.nacos.client.naming          : [SUBSCRIBE-SERVICE] service:providers:cloud.tangyuan.hellocommon.HelloService, group:DEFAULT_GROUP, clusters: 
2025-12-25T21:54:03.802+08:00  INFO 83849 --- [           main] o.a.d.m.d.TypeDefinitionBuilder          :  [DUBBO] Throw classNotFound (com/google/protobuf/GeneratedMessageV3) in class org.apache.dubbo.metadata.definition.protobuf.ProtobufTypeBuilder, dubbo version: 3.2.0, current host: 192.168.31.81
2025-12-25T21:54:03.802+08:00  INFO 83849 --- [           main] o.a.d.m.d.TypeDefinitionBuilder          :  [DUBBO] Throw classNotFound (com/google/protobuf/GeneratedMessageV3) in class org.apache.dubbo.metadata.definition.protobuf.ProtobufTypeBuilder, dubbo version: 3.2.0, current host: 192.168.31.81
2025-12-25T21:54:03.803+08:00  INFO 83849 --- [Report-thread-1] o.a.d.m.store.nacos.NacosMetadataReport  :  [DUBBO] store provider metadata. Identifier : org.apache.dubbo.metadata.report.identifier.MetadataIdentifier@4d77feef; definition: FullServiceDefinition{parameters=org.apache.dubbo.common.url.component.URLParam$URLParamMap@643c02c6} ServiceDefinition [canonicalName=cloud.tangyuan.hellocommon.HelloService, codeSource=hello-common-0.0.1-SNAPSHOT.jar, methods=[MethodDefinition [name=sayHello, parameterTypes=[java.lang.String], returnType=java.lang.String]]], dubbo version: 3.2.0, current host: 192.168.31.81
2025-12-25T21:54:03.803+08:00  INFO 83849 --- [           main] org.apache.dubbo.config.ServiceConfig    :  [DUBBO] Try to register interface application mapping for service cloud.tangyuan.hellocommon.HelloService, dubbo version: 3.2.0, current host: 192.168.31.81
2025-12-25T21:54:04.036+08:00  INFO 83849 --- [           main] c.a.n.client.config.impl.ClientWorker    : [fixed-127.0.0.1_8810-127.0.0.1_8820-127.0.0.1_8830] [publish-single] ok, dataId=cloud.tangyuan.hellocommon.HelloService, group=mapping, tenant=, config=hello-provider-service
2025-12-25T21:54:04.037+08:00  INFO 83849 --- [Report-thread-1] c.a.n.client.config.impl.ClientWorker    : [fixed-127.0.0.1_8810-127.0.0.1_8820-127.0.0.1_8830] [publish-single] ok, dataId=cloud.tangyuan.hellocommon.HelloService:::provider:hello-provider-service, group=dubbo, tenant=, config={"annotations":[],"canonicalName":"cloud.tangyuan.hellocommon.HelloService","codeSource":"hello-comm...
2025-12-25T21:54:04.037+08:00  INFO 83849 --- [           main] org.apache.dubbo.config.ServiceConfig    :  [DUBBO] Successfully registered interface application mapping for service cloud.tangyuan.hellocommon.HelloService, dubbo version: 3.2.0, current host: 192.168.31.81
2025-12-25T21:54:04.037+08:00  INFO 83849 --- [           main] o.a.d.c.deploy.DefaultModuleDeployer     :  [DUBBO] Dubbo Module[1.1.0] is starting., dubbo version: 3.2.0, current host: 192.168.31.81
2025-12-25T21:54:04.038+08:00  INFO 83849 --- [           main] o.a.d.c.deploy.DefaultModuleDeployer     :  [DUBBO] Dubbo Module[1.1.0] has started., dubbo version: 3.2.0, current host: 192.168.31.81
2025-12-25T21:54:04.038+08:00  INFO 83849 --- [           main] o.a.d.c.deploy.DefaultModuleDeployer     :  [DUBBO] Dubbo Module[1.1.1] has started., dubbo version: 3.2.0, current host: 192.168.31.81
2025-12-25T21:54:04.038+08:00  INFO 83849 --- [           main] o.a.d.c.d.DefaultMetricsServiceExporter  :  [DUBBO] The MetricsConfig not exist, will not export metrics service., dubbo version: 3.2.0, current host: 192.168.31.81
2025-12-25T21:54:04.042+08:00  INFO 83849 --- [           main] o.a.d.c.b.b.InternalServiceConfigBuilder :  [DUBBO] org.apache.dubbo.metadata.MetadataServiceService Port hasn't been set will use default protocol defined in protocols., dubbo version: 3.2.0, current host: 192.168.31.81
2025-12-25T21:54:04.043+08:00  INFO 83849 --- [           main] o.a.d.c.b.b.InternalServiceConfigBuilder :  [DUBBO] Using dubbo protocol to export org.apache.dubbo.metadata.MetadataService service on port -1, dubbo version: 3.2.0, current host: 192.168.31.81
2025-12-25T21:54:04.068+08:00  INFO 83849 --- [           main] org.apache.dubbo.config.ServiceConfig    :  [DUBBO] Export dubbo service org.apache.dubbo.metadata.MetadataService to local registry url : injvm://127.0.0.1/org.apache.dubbo.metadata.MetadataService?anyhost=true&application=hello-provider-service&background=false&bind.ip=192.168.31.81&bind.port=20880&delay=0&deprecated=false&dubbo=2.0.2&dynamic=true&executor-management-mode=isolation&exporter.listener=injvm&file-cache=true&generic=false&getAndListenInstanceMetadata.1.callback=true&getAndListenInstanceMetadata.return=true&getAndListenInstanceMetadata.sent=true&group=hello-provider-service&interface=org.apache.dubbo.metadata.MetadataService&methods=exportInstanceMetadata,getAndListenInstanceMetadata,getExportedServiceURLs,getExportedURLs,getExportedURLs,getExportedURLs,getExportedURLs,getExportedURLs,getInstanceMetadataChangedListenerMap,getMetadataInfo,getMetadataInfos,getMetadataURL,getServiceDefinition,getServiceDefinition,getSubscribedURLs,isMetadataService,serviceName,toSortedStrings,toSortedStrings,version&pid=83849&prefer.serialization=fastjson2,hessian2&qos.enable=true&register=false&release=3.2.0&retries=2&revision=3.2.0&side=provider&timeout=3000&timestamp=1766670844056&version=1.0.0, dubbo version: 3.2.0, current host: 192.168.31.81
2025-12-25T21:54:04.068+08:00  INFO 83849 --- [           main] org.apache.dubbo.config.ServiceConfig    :  [DUBBO] Export dubbo service org.apache.dubbo.metadata.MetadataService to url dubbo://192.168.31.81:20880/org.apache.dubbo.metadata.MetadataService?anyhost=true&application=hello-provider-service&background=false&bind.ip=192.168.31.81&bind.port=20880&delay=0&deprecated=false&dubbo=2.0.2&dynamic=true&executor-management-mode=isolation&file-cache=true&generic=false&getAndListenInstanceMetadata.1.callback=true&getAndListenInstanceMetadata.return=true&getAndListenInstanceMetadata.sent=true&group=hello-provider-service&interface=org.apache.dubbo.metadata.MetadataService&methods=exportInstanceMetadata,getAndListenInstanceMetadata,getExportedServiceURLs,getExportedURLs,getExportedURLs,getExportedURLs,getExportedURLs,getExportedURLs,getInstanceMetadataChangedListenerMap,getMetadataInfo,getMetadataInfos,getMetadataURL,getServiceDefinition,getServiceDefinition,getSubscribedURLs,isMetadataService,serviceName,toSortedStrings,toSortedStrings,version&pid=83849&prefer.serialization=fastjson2,hessian2&qos.enable=true&register=false&release=3.2.0&retries=2&revision=3.2.0&service-name-mapping=true&side=provider&timeout=3000&timestamp=1766670844056&version=1.0.0, dubbo version: 3.2.0, current host: 192.168.31.81
2025-12-25T21:54:04.072+08:00  INFO 83849 --- [           main] c.a.n.client.config.impl.ClientWorker    : [fixed-127.0.0.1_8810-127.0.0.1_8820-127.0.0.1_8830] [subscribe] org.apache.dubbo.metadata.MetadataService:1.0.0:hello-provider-service.configurators+dubbo
2025-12-25T21:54:04.072+08:00  INFO 83849 --- [           main] c.a.nacos.client.config.impl.CacheData   : [fixed-127.0.0.1_8810-127.0.0.1_8820-127.0.0.1_8830] [add-listener] ok, tenant=, dataId=org.apache.dubbo.metadata.MetadataService:1.0.0:hello-provider-service.configurators, group=dubbo, cnt=1
2025-12-25T21:54:04.078+08:00  INFO 83849 --- [           main] o.a.d.r.c.m.MigrationRuleListener        :  [DUBBO] Listening for migration rules on dataId hello-provider-service.migration, group DUBBO_SERVICEDISCOVERY_MIGRATION, dubbo version: 3.2.0, current host: 192.168.31.81
2025-12-25T21:54:04.083+08:00  INFO 83849 --- [           main] org.apache.dubbo.config.ServiceConfig    :  [DUBBO] Export dubbo service org.apache.dubbo.metadata.MetadataService to url dubbo://192.168.31.81:20880/org.apache.dubbo.metadata.MetadataService?anyhost=true&application=hello-provider-service&background=false&bind.ip=192.168.31.81&bind.port=20880&delay=0&deprecated=false&dubbo=2.0.2&dynamic=true&executor-management-mode=isolation&file-cache=true&generic=false&getAndListenInstanceMetadata.1.callback=true&getAndListenInstanceMetadata.return=true&getAndListenInstanceMetadata.sent=true&group=hello-provider-service&interface=org.apache.dubbo.metadata.MetadataService&methods=exportInstanceMetadata,getAndListenInstanceMetadata,getExportedServiceURLs,getExportedURLs,getExportedURLs,getExportedURLs,getExportedURLs,getExportedURLs,getInstanceMetadataChangedListenerMap,getMetadataInfo,getMetadataInfos,getMetadataURL,getServiceDefinition,getServiceDefinition,getSubscribedURLs,isMetadataService,serviceName,toSortedStrings,toSortedStrings,version&pid=83849&prefer.serialization=fastjson2,hessian2&qos.enable=true&register=false&release=3.2.0&retries=2&revision=3.2.0&service-name-mapping=true&side=provider&timeout=3000&timestamp=1766670844056&version=1.0.0, dubbo version: 3.2.0, current host: 192.168.31.81
2025-12-25T21:54:04.276+08:00  INFO 83849 --- [           main] o.a.dubbo.registry.nacos.NacosRegistry   :  [DUBBO] Subscribe: provider://192.168.31.81:20880/org.apache.dubbo.metadata.MetadataService?anyhost=true&application=hello-provider-service&background=false&bind.ip=192.168.31.81&bind.port=20880&category=configurators&check=false&delay=0&deprecated=false&dubbo=2.0.2&dynamic=true&executor-management-mode=isolation&file-cache=true&generic=false&getAndListenInstanceMetadata.1.callback=true&getAndListenInstanceMetadata.return=true&getAndListenInstanceMetadata.sent=true&group=hello-provider-service&interface=org.apache.dubbo.metadata.MetadataService&methods=exportInstanceMetadata,getAndListenInstanceMetadata,getExportedServiceURLs,getExportedURLs,getExportedURLs,getExportedURLs,getExportedURLs,getExportedURLs,getInstanceMetadataChangedListenerMap,getMetadataInfo,getMetadataInfos,getMetadataURL,getServiceDefinition,getServiceDefinition,getSubscribedURLs,isMetadataService,serviceName,toSortedStrings,toSortedStrings,version&pid=83849&prefer.serialization=fastjson2,hessian2&qos.enable=true&register=false&release=3.2.0&retries=2&revision=3.2.0&service-name-mapping=true&side=provider&timeout=3000&timestamp=1766670844056&version=1.0.0, dubbo version: 3.2.0, current host: 192.168.31.81
2025-12-25T21:54:04.277+08:00  INFO 83849 --- [           main] com.alibaba.nacos.client.naming          : [SUBSCRIBE-SERVICE] service:providers:org.apache.dubbo.metadata.MetadataService:1.0.0:hello-provider-service, group:DEFAULT_GROUP, clusters: 
2025-12-25T21:54:04.278+08:00  INFO 83849 --- [           main] com.alibaba.nacos.client.naming          : init new ips(0) service: DEFAULT_GROUP@@providers:org.apache.dubbo.metadata.MetadataService:1.0.0:hello-provider-service -> []
2025-12-25T21:54:04.279+08:00  INFO 83849 --- [           main] com.alibaba.nacos.client.naming          : current ips:(0) service: DEFAULT_GROUP@@providers:org.apache.dubbo.metadata.MetadataService:1.0.0:hello-provider-service -> []
2025-12-25T21:54:04.279+08:00  WARN 83849 --- [           main] o.a.dubbo.registry.nacos.NacosRegistry   :  [DUBBO] Received empty url address list and empty protection is disabled, will clear current available addresses, dubbo version: 3.2.0, current host: 192.168.31.81, error code: 1-37. This may be caused by , go to https://dubbo.apache.org/faq/1/37 to find instructions. 
2025-12-25T21:54:04.279+08:00  INFO 83849 --- [           main] o.a.dubbo.registry.nacos.NacosRegistry   :  [DUBBO] Notify urls for subscribe url provider://192.168.31.81:20880/org.apache.dubbo.metadata.MetadataService?anyhost=true&application=hello-provider-service&background=false&bind.ip=192.168.31.81&bind.port=20880&category=configurators&check=false&delay=0&deprecated=false&dubbo=2.0.2&dynamic=true&executor-management-mode=isolation&file-cache=true&generic=false&getAndListenInstanceMetadata.1.callback=true&getAndListenInstanceMetadata.return=true&getAndListenInstanceMetadata.sent=true&group=hello-provider-service&interface=org.apache.dubbo.metadata.MetadataService&methods=exportInstanceMetadata,getAndListenInstanceMetadata,getExportedServiceURLs,getExportedURLs,getExportedURLs,getExportedURLs,getExportedURLs,getExportedURLs,getInstanceMetadataChangedListenerMap,getMetadataInfo,getMetadataInfos,getMetadataURL,getServiceDefinition,getServiceDefinition,getSubscribedURLs,isMetadataService,serviceName,toSortedStrings,toSortedStrings,version&pid=83849&prefer.serialization=fastjson2,hessian2&qos.enable=true&register=false&release=3.2.0&retries=2&revision=3.2.0&service-name-mapping=true&side=provider&timeout=3000&timestamp=1766670844056&version=1.0.0, url size: 1, dubbo version: 3.2.0, current host: 192.168.31.81
2025-12-25T21:54:04.279+08:00  INFO 83849 --- [           main] com.alibaba.nacos.client.naming          : [SUBSCRIBE-SERVICE] service:providers:org.apache.dubbo.metadata.MetadataService:1.0.0:hello-provider-service, group:DEFAULT_GROUP, clusters: 
2025-12-25T21:54:04.279+08:00  INFO 83849 --- [           main] org.apache.dubbo.config.ServiceConfig    :  [DUBBO] Try to register interface application mapping for service hello-provider-service/org.apache.dubbo.metadata.MetadataService:1.0.0, dubbo version: 3.2.0, current host: 192.168.31.81
2025-12-25T21:54:04.279+08:00  INFO 83849 --- [           main] org.apache.dubbo.config.ServiceConfig    :  [DUBBO] Successfully registered interface application mapping for service hello-provider-service/org.apache.dubbo.metadata.MetadataService:1.0.0, dubbo version: 3.2.0, current host: 192.168.31.81
2025-12-25T21:54:04.279+08:00  INFO 83849 --- [           main] .c.m.ConfigurableMetadataServiceExporter :  [DUBBO] The MetadataService exports urls : [dubbo://192.168.31.81:20880/org.apache.dubbo.metadata.MetadataService?anyhost=true&application=hello-provider-service&background=false&bind.ip=192.168.31.81&bind.port=20880&delay=0&deprecated=false&dubbo=2.0.2&dynamic=true&executor-management-mode=isolation&file-cache=true&generic=false&getAndListenInstanceMetadata.1.callback=true&getAndListenInstanceMetadata.return=true&getAndListenInstanceMetadata.sent=true&group=hello-provider-service&interface=org.apache.dubbo.metadata.MetadataService&methods=exportInstanceMetadata,getAndListenInstanceMetadata,getExportedServiceURLs,getExportedURLs,getExportedURLs,getExportedURLs,getExportedURLs,getExportedURLs,getInstanceMetadataChangedListenerMap,getMetadataInfo,getMetadataInfos,getMetadataURL,getServiceDefinition,getServiceDefinition,getSubscribedURLs,isMetadataService,serviceName,toSortedStrings,toSortedStrings,version&pid=83849&prefer.serialization=fastjson2,hessian2&qos.enable=true&register=false&release=3.2.0&retries=2&revision=3.2.0&service-name-mapping=true&side=provider&timeout=3000&timestamp=1766670844056&version=1.0.0], dubbo version: 3.2.0, current host: 192.168.31.81
2025-12-25T21:54:04.280+08:00  INFO 83849 --- [           main] o.a.d.r.c.m.ServiceInstanceMetadataUtils :  [DUBBO] Start registering instance address to registry., dubbo version: 3.2.0, current host: 192.168.31.81
2025-12-25T21:54:04.283+08:00  INFO 83849 --- [           main] org.apache.dubbo.metadata.MetadataInfo   :  [DUBBO] metadata revision changed: null -> 61f60c26c1ff245e70295ac040a96098, app: hello-provider-service, services: 1, dubbo version: 3.2.0, current host: 192.168.31.81
2025-12-25T21:54:04.286+08:00  INFO 83849 --- [           main] com.alibaba.nacos.client.naming          : [REGISTER-SERVICE] public registering service hello-provider-service with instance Instance{instanceId='null', ip='192.168.31.81', port=20880, weight=1.0, healthy=true, enabled=true, ephemeral=true, clusterName='null', serviceName='hello-provider-service', metadata={dubbo.endpoints=[{"port":20880,"protocol":"dubbo"}], dubbo.metadata-service.url-params={"prefer.serialization":"fastjson2,hessian2","timeout":"3000","version":"1.0.0","dubbo":"2.0.2","release":"3.2.0","side":"provider","port":"20880","protocol":"dubbo"}, dubbo.metadata.revision=61f60c26c1ff245e70295ac040a96098, dubbo.metadata.storage-type=local, timestamp=1766670843263}}
2025-12-25T21:54:04.289+08:00  INFO 83849 --- [           main] o.a.d.c.d.DefaultApplicationDeployer     :  [DUBBO] Dubbo Application[1.1](hello-provider-service) is ready., dubbo version: 3.2.0, current host: 192.168.31.81
2025-12-25T21:54:04.290+08:00  INFO 83849 --- [           main] c.t.h.HelloProviderApplicationTests      : Started HelloProviderApplicationTests in 3.4 seconds (process running for 3.783)
2025-12-25T21:54:04.299+08:00  INFO 83849 --- [or-127.0.0.1-17] com.alibaba.nacos.common.remote.client   : [a7d6ff0b-a9ac-445b-86a8-a66e28050225] Receive server push request, request = NotifySubscriberRequest, requestId = 7
2025-12-25T21:54:04.299+08:00  INFO 83849 --- [or-127.0.0.1-17] com.alibaba.nacos.common.remote.client   : [a7d6ff0b-a9ac-445b-86a8-a66e28050225] Ack server push request, request = NotifySubscriberRequest, requestId = 7
2025-12-25T21:54:04.325+08:00  INFO 83849 --- [           main] c.a.n.client.config.impl.ClientWorker    : [fixed-127.0.0.1_8810-127.0.0.1_8820-127.0.0.1_8830] [subscribe] hello-provider-service+DEFAULT_GROUP
2025-12-25T21:54:04.325+08:00  INFO 83849 --- [           main] c.a.nacos.client.config.impl.CacheData   : [fixed-127.0.0.1_8810-127.0.0.1_8820-127.0.0.1_8830] [add-listener] ok, tenant=, dataId=hello-provider-service, group=DEFAULT_GROUP, cnt=1
2025-12-25T21:54:04.325+08:00  INFO 83849 --- [           main] c.a.c.n.refresh.NacosContextRefresher    : [Nacos Config] Listening config: dataId=hello-provider-service, group=DEFAULT_GROUP
2025-12-25T21:54:04.325+08:00  INFO 83849 --- [           main] c.a.n.client.config.impl.ClientWorker    : [fixed-127.0.0.1_8810-127.0.0.1_8820-127.0.0.1_8830] [subscribe] hello-provider-service.yml+DEFAULT_GROUP
2025-12-25T21:54:04.325+08:00  INFO 83849 --- [           main] c.a.nacos.client.config.impl.CacheData   : [fixed-127.0.0.1_8810-127.0.0.1_8820-127.0.0.1_8830] [add-listener] ok, tenant=, dataId=hello-provider-service.yml, group=DEFAULT_GROUP, cnt=1
2025-12-25T21:54:04.325+08:00  INFO 83849 --- [           main] c.a.c.n.refresh.NacosContextRefresher    : [Nacos Config] Listening config: dataId=hello-provider-service.yml, group=DEFAULT_GROUP
2025-12-25T21:54:04.398+08:00  INFO 83849 --- [or-127.0.0.1-18] com.alibaba.nacos.common.remote.client   : [a7d6ff0b-a9ac-445b-86a8-a66e28050225] Receive server push request, request = NotifySubscriberRequest, requestId = 8
2025-12-25T21:54:04.398+08:00  INFO 83849 --- [or-127.0.0.1-18] com.alibaba.nacos.common.remote.client   : [a7d6ff0b-a9ac-445b-86a8-a66e28050225] Ack server push request, request = NotifySubscriberRequest, requestId = 8
]]></system-out>
  </testcase>
</testsuite>